2026-01-30 15:08:54,996 - __main__ - INFO - ============================================================
2026-01-30 15:08:54,997 - __main__ - INFO - 网站监控系统启动
2026-01-30 15:08:54,998 - __main__ - INFO - 监控间隔: 5 分钟
2026-01-30 15:08:54,998 - __main__ - INFO - 邮箱地址: gshyun@qq.com
2026-01-30 15:08:54,999 - __main__ - INFO - 按 Ctrl+C 停止监控
2026-01-30 15:08:54,999 - __main__ - INFO - ============================================================
2026-01-30 15:08:55,000 - __main__ - INFO - ============================================================
2026-01-30 15:08:55,000 - __main__ - INFO - 开始第 1 次监控 - 2026-01-30 15:08:55
2026-01-30 15:08:55,001 - __main__ - INFO - 邮件通知已启用，将发送到: gshyun@qq.com
2026-01-30 15:08:55,002 - graphs.graph - INFO - 使用默认网站列表，共 15 个网站
2026-01-30 15:08:55,003 - graphs.graph - INFO - 已配置邮件通知，将发送到: gshyun@qq.com
2026-01-30 15:08:55,003 - graphs.graph - INFO - 处理第 1/15 个网站: 佛山自然资源局-批前
2026-01-30 15:08:55,004 - graphs.nodes.fetch_website_node - INFO - 开始抓取网站: 佛山自然资源局-批前, URL: https://fszrzy.foshan.gov.cn/ywzt/cxgh/pqgs/index.html
/usr/local/lib/python3.12/dist-packages/urllib3/connectionpool.py:1097: InsecureRequestWarning: Unverified HTTPS request is being made to host 'fszrzy.foshan.gov.cn'. Adding certificate verification is strongly advised. See: https://urllib3.readthedocs.io/en/latest/advanced-usage.html#tls-warnings
  warnings.warn(
2026-01-30 15:08:55,347 - graphs.nodes.fetch_website_node - INFO - 成功抓取网站: 佛山自然资源局-批前, 提取到 50 条内容
2026-01-30 15:08:55,350 - graphs.nodes.generate_summary_node - INFO - 开始生成摘要: 佛山自然资源局-批前
2026-01-30 15:08:55,351 - graphs.nodes.generate_summary_node - INFO - 准备处理 5 个内容项
2026-01-30 15:08:55,743 - coze_workload_identity.client - ERROR - Integration credential request failed with status 400: Integration credential request failed with status 400: invalid param
2026-01-30 15:08:55,745 - graphs.nodes.generate_summary_node - ERROR - 生成摘要失败: Client error (400): Integration credential request failed with status 400: invalid param
2026-01-30 15:08:55,745 - graphs.nodes.generate_summary_node - INFO - 摘要生成完成: 佛山自然资源局-批前
2026-01-30 15:08:55,748 - graphs.graph - INFO - 成功生成摘要: 佛山自然资源局-批前
2026-01-30 15:08:55,749 - graphs.nodes.check_changes_node - INFO - 开始检测网站内容变化: 佛山自然资源局-批前
2026-01-30 15:08:55,750 - graphs.nodes.check_changes_node - INFO - 网站 佛山自然资源局-批前 无变化
2026-01-30 15:08:55,753 - graphs.nodes.send_notification_node - INFO - 开始处理通知: 佛山自然资源局-批前
2026-01-30 15:08:55,754 - graphs.graph - INFO - 网站 佛山自然资源局-批前 处理完成
2026-01-30 15:08:55,754 - graphs.graph - INFO - 处理第 2/15 个网站: 佛山自然资源局-批后
2026-01-30 15:08:55,755 - graphs.nodes.fetch_website_node - INFO - 开始抓取网站: 佛山自然资源局-批后, URL: https://fszrzy.foshan.gov.cn/ywzt/cxgh/phgg/
/usr/local/lib/python3.12/dist-packages/urllib3/connectionpool.py:1097: InsecureRequestWarning: Unverified HTTPS request is being made to host 'fszrzy.foshan.gov.cn'. Adding certificate verification is strongly advised. See: https://urllib3.readthedocs.io/en/latest/advanced-usage.html#tls-warnings
  warnings.warn(
2026-01-30 15:08:56,084 - graphs.nodes.fetch_website_node - INFO - 成功抓取网站: 佛山自然资源局-批后, 提取到 50 条内容
2026-01-30 15:08:56,087 - graphs.nodes.generate_summary_node - INFO - 开始生成摘要: 佛山自然资源局-批后
2026-01-30 15:08:56,088 - graphs.nodes.generate_summary_node - INFO - 准备处理 5 个内容项
2026-01-30 15:08:56,176 - coze_workload_identity.client - ERROR - Integration credential request failed with status 400: Integration credential request failed with status 400: invalid param
2026-01-30 15:08:56,178 - graphs.nodes.generate_summary_node - ERROR - 生成摘要失败: Client error (400): Integration credential request failed with status 400: invalid param
2026-01-30 15:08:56,179 - graphs.nodes.generate_summary_node - INFO - 摘要生成完成: 佛山自然资源局-批后
2026-01-30 15:08:56,180 - graphs.graph - INFO - 成功生成摘要: 佛山自然资源局-批后
2026-01-30 15:08:56,181 - graphs.nodes.check_changes_node - INFO - 开始检测网站内容变化: 佛山自然资源局-批后
2026-01-30 15:08:56,183 - graphs.nodes.check_changes_node - INFO - 网站 佛山自然资源局-批后 无变化
2026-01-30 15:08:56,185 - graphs.nodes.send_notification_node - INFO - 开始处理通知: 佛山自然资源局-批后
2026-01-30 15:08:56,186 - graphs.graph - INFO - 网站 佛山自然资源局-批后 处理完成
2026-01-30 15:08:56,186 - graphs.graph - INFO - 处理第 3/15 个网站: 佛山自然资源局-通知公告
2026-01-30 15:08:56,187 - graphs.nodes.fetch_website_node - INFO - 开始抓取网站: 佛山自然资源局-通知公告, URL: https://fszrzy.foshan.gov.cn/zwgk/tzgg/index.html
/usr/local/lib/python3.12/dist-packages/urllib3/connectionpool.py:1097: InsecureRequestWarning: Unverified HTTPS request is being made to host 'fszrzy.foshan.gov.cn'. Adding certificate verification is strongly advised. See: https://urllib3.readthedocs.io/en/latest/advanced-usage.html#tls-warnings
  warnings.warn(
2026-01-30 15:08:56,490 - graphs.nodes.fetch_website_node - INFO - 成功抓取网站: 佛山自然资源局-通知公告, 提取到 50 条内容
2026-01-30 15:08:56,492 - graphs.nodes.generate_summary_node - INFO - 开始生成摘要: 佛山自然资源局-通知公告
2026-01-30 15:08:56,494 - graphs.nodes.generate_summary_node - INFO - 准备处理 5 个内容项
2026-01-30 15:08:56,627 - coze_workload_identity.client - ERROR - Integration credential request failed with status 400: Integration credential request failed with status 400: invalid param
2026-01-30 15:08:56,628 - graphs.nodes.generate_summary_node - ERROR - 生成摘要失败: Client error (400): Integration credential request failed with status 400: invalid param
2026-01-30 15:08:56,628 - graphs.nodes.generate_summary_node - INFO - 摘要生成完成: 佛山自然资源局-通知公告
2026-01-30 15:08:56,630 - graphs.graph - INFO - 成功生成摘要: 佛山自然资源局-通知公告
2026-01-30 15:08:56,631 - graphs.nodes.check_changes_node - INFO - 开始检测网站内容变化: 佛山自然资源局-通知公告
2026-01-30 15:08:56,633 - graphs.nodes.check_changes_node - INFO - 网站 佛山自然资源局-通知公告 无变化
2026-01-30 15:08:56,635 - graphs.nodes.send_notification_node - INFO - 开始处理通知: 佛山自然资源局-通知公告
2026-01-30 15:08:56,636 - graphs.graph - INFO - 网站 佛山自然资源局-通知公告 处理完成
2026-01-30 15:08:56,637 - graphs.graph - INFO - 处理第 4/15 个网站: 禅城区自然资源局
2026-01-30 15:08:56,637 - graphs.nodes.fetch_website_node - INFO - 开始抓取网站: 禅城区自然资源局, URL: https://www.chancheng.gov.cn/fscczrzyj/gkmlpt/index
/usr/local/lib/python3.12/dist-packages/urllib3/connectionpool.py:1097: InsecureRequestWarning: Unverified HTTPS request is being made to host 'www.chancheng.gov.cn'. Adding certificate verification is strongly advised. See: https://urllib3.readthedocs.io/en/latest/advanced-usage.html#tls-warnings
  warnings.warn(
2026-01-30 15:08:56,961 - graphs.nodes.fetch_website_node - INFO - 成功抓取网站: 禅城区自然资源局, 提取到 4 条内容
2026-01-30 15:08:56,964 - graphs.nodes.generate_summary_node - INFO - 开始生成摘要: 禅城区自然资源局
2026-01-30 15:08:56,965 - graphs.nodes.generate_summary_node - INFO - 准备处理 4 个内容项
2026-01-30 15:08:57,135 - coze_workload_identity.client - ERROR - Integration credential request failed with status 400: Integration credential request failed with status 400: invalid param
2026-01-30 15:08:57,136 - graphs.nodes.generate_summary_node - ERROR - 生成摘要失败: Client error (400): Integration credential request failed with status 400: invalid param
2026-01-30 15:08:57,137 - graphs.nodes.generate_summary_node - INFO - 摘要生成完成: 禅城区自然资源局
2026-01-30 15:08:57,140 - graphs.graph - INFO - 成功生成摘要: 禅城区自然资源局
2026-01-30 15:08:57,142 - graphs.nodes.check_changes_node - INFO - 开始检测网站内容变化: 禅城区自然资源局
2026-01-30 15:08:57,145 - graphs.nodes.check_changes_node - INFO - 网站 禅城区自然资源局 无变化
2026-01-30 15:08:57,151 - graphs.nodes.send_notification_node - INFO - 开始处理通知: 禅城区自然资源局
2026-01-30 15:08:57,153 - graphs.graph - INFO - 网站 禅城区自然资源局 处理完成
2026-01-30 15:08:57,154 - graphs.graph - INFO - 处理第 5/15 个网站: 南海区自然资源局
2026-01-30 15:08:57,155 - graphs.nodes.fetch_website_node - INFO - 开始抓取网站: 南海区自然资源局, URL: https://www.nanhai.gov.cn/fsnhzrzyj/gkmlpt/mindex/
/usr/local/lib/python3.12/dist-packages/urllib3/connectionpool.py:1097: InsecureRequestWarning: Unverified HTTPS request is being made to host 'www.nanhai.gov.cn'. Adding certificate verification is strongly advised. See: https://urllib3.readthedocs.io/en/latest/advanced-usage.html#tls-warnings
  warnings.warn(
2026-01-30 15:08:57,586 - graphs.nodes.fetch_website_node - INFO - 成功抓取网站: 南海区自然资源局, 提取到 4 条内容
2026-01-30 15:08:57,596 - graphs.nodes.generate_summary_node - INFO - 开始生成摘要: 南海区自然资源局
2026-01-30 15:08:57,599 - graphs.nodes.generate_summary_node - INFO - 准备处理 4 个内容项
2026-01-30 15:08:57,740 - coze_workload_identity.client - ERROR - Integration credential request failed with status 400: Integration credential request failed with status 400: invalid param
2026-01-30 15:08:57,741 - graphs.nodes.generate_summary_node - ERROR - 生成摘要失败: Client error (400): Integration credential request failed with status 400: invalid param
2026-01-30 15:08:57,741 - graphs.nodes.generate_summary_node - INFO - 摘要生成完成: 南海区自然资源局
2026-01-30 15:08:57,743 - graphs.graph - INFO - 成功生成摘要: 南海区自然资源局
2026-01-30 15:08:57,744 - graphs.nodes.check_changes_node - INFO - 开始检测网站内容变化: 南海区自然资源局
2026-01-30 15:08:57,745 - graphs.nodes.check_changes_node - INFO - 网站 南海区自然资源局 无变化
2026-01-30 15:08:57,748 - graphs.nodes.send_notification_node - INFO - 开始处理通知: 南海区自然资源局
2026-01-30 15:08:57,749 - graphs.graph - INFO - 网站 南海区自然资源局 处理完成
2026-01-30 15:08:57,749 - graphs.graph - INFO - 处理第 6/15 个网站: 顺德区自然资源局
2026-01-30 15:08:57,750 - graphs.nodes.fetch_website_node - INFO - 开始抓取网站: 顺德区自然资源局, URL: https://www.shunde.gov.cn/sdszrzyjsdfj/tzgg/tzggjdt/index.html
/usr/local/lib/python3.12/dist-packages/urllib3/connectionpool.py:1097: InsecureRequestWarning: Unverified HTTPS request is being made to host 'www.shunde.gov.cn'. Adding certificate verification is strongly advised. See: https://urllib3.readthedocs.io/en/latest/advanced-usage.html#tls-warnings
  warnings.warn(
2026-01-30 15:08:58,100 - graphs.nodes.fetch_website_node - INFO - 成功抓取网站: 顺德区自然资源局, 提取到 41 条内容
2026-01-30 15:08:58,102 - graphs.nodes.generate_summary_node - INFO - 开始生成摘要: 顺德区自然资源局
2026-01-30 15:08:58,103 - graphs.nodes.generate_summary_node - INFO - 准备处理 5 个内容项
2026-01-30 15:08:58,252 - coze_workload_identity.client - ERROR - Integration credential request failed with status 400: Integration credential request failed with status 400: invalid param
2026-01-30 15:08:58,254 - graphs.nodes.generate_summary_node - ERROR - 生成摘要失败: Client error (400): Integration credential request failed with status 400: invalid param
2026-01-30 15:08:58,255 - graphs.nodes.generate_summary_node - INFO - 摘要生成完成: 顺德区自然资源局
2026-01-30 15:08:58,258 - graphs.graph - INFO - 成功生成摘要: 顺德区自然资源局
2026-01-30 15:08:58,259 - graphs.nodes.check_changes_node - INFO - 开始检测网站内容变化: 顺德区自然资源局
2026-01-30 15:08:58,260 - graphs.nodes.check_changes_node - INFO - 网站 顺德区自然资源局 无变化
2026-01-30 15:08:58,264 - graphs.nodes.send_notification_node - INFO - 开始处理通知: 顺德区自然资源局
2026-01-30 15:08:58,264 - graphs.graph - INFO - 网站 顺德区自然资源局 处理完成
2026-01-30 15:08:58,265 - graphs.graph - INFO - 处理第 7/15 个网站: 佛山公共资源交易网站
2026-01-30 15:08:58,266 - graphs.nodes.fetch_website_node - INFO - 开始抓取网站: 佛山公共资源交易网站, URL: http://jy.ggzy.foshan.gov.cn:3680/TPBank/newweb/framehtml/onlineTradex/index.html
2026-01-30 15:08:58,447 - graphs.nodes.fetch_website_node - INFO - 成功抓取网站: 佛山公共资源交易网站, 提取到 15 条内容
2026-01-30 15:08:58,448 - graphs.nodes.generate_summary_node - INFO - 开始生成摘要: 佛山公共资源交易网站
2026-01-30 15:08:58,449 - graphs.nodes.generate_summary_node - INFO - 准备处理 5 个内容项
2026-01-30 15:08:58,549 - coze_workload_identity.client - ERROR - Integration credential request failed with status 400: Integration credential request failed with status 400: invalid param
2026-01-30 15:08:58,551 - graphs.nodes.generate_summary_node - ERROR - 生成摘要失败: Client error (400): Integration credential request failed with status 400: invalid param
2026-01-30 15:08:58,552 - graphs.nodes.generate_summary_node - INFO - 摘要生成完成: 佛山公共资源交易网站
2026-01-30 15:08:58,554 - graphs.graph - INFO - 成功生成摘要: 佛山公共资源交易网站
2026-01-30 15:08:58,557 - graphs.nodes.check_changes_node - INFO - 开始检测网站内容变化: 佛山公共资源交易网站
2026-01-30 15:08:58,558 - graphs.nodes.check_changes_node - INFO - 网站 佛山公共资源交易网站 无变化
2026-01-30 15:08:58,561 - graphs.nodes.send_notification_node - INFO - 开始处理通知: 佛山公共资源交易网站
2026-01-30 15:08:58,562 - graphs.graph - INFO - 网站 佛山公共资源交易网站 处理完成
2026-01-30 15:08:58,562 - graphs.graph - INFO - 处理第 8/15 个网站: 佛山市政府-意见征集
2026-01-30 15:08:58,563 - graphs.nodes.fetch_website_node - INFO - 开始抓取网站: 佛山市政府-意见征集, URL: https://www.foshan.gov.cn/hdjl/yjzj/index.html
/usr/local/lib/python3.12/dist-packages/urllib3/connectionpool.py:1097: InsecureRequestWarning: Unverified HTTPS request is being made to host 'www.foshan.gov.cn'. Adding certificate verification is strongly advised. See: https://urllib3.readthedocs.io/en/latest/advanced-usage.html#tls-warnings
  warnings.warn(
2026-01-30 15:08:58,838 - graphs.nodes.fetch_website_node - INFO - 成功抓取网站: 佛山市政府-意见征集, 提取到 12 条内容
2026-01-30 15:08:58,840 - graphs.nodes.generate_summary_node - INFO - 开始生成摘要: 佛山市政府-意见征集
2026-01-30 15:08:58,841 - graphs.nodes.generate_summary_node - INFO - 准备处理 5 个内容项
2026-01-30 15:08:58,996 - coze_workload_identity.client - ERROR - Integration credential request failed with status 400: Integration credential request failed with status 400: invalid param
2026-01-30 15:08:58,998 - graphs.nodes.generate_summary_node - ERROR - 生成摘要失败: Client error (400): Integration credential request failed with status 400: invalid param
2026-01-30 15:08:58,999 - graphs.nodes.generate_summary_node - INFO - 摘要生成完成: 佛山市政府-意见征集
2026-01-30 15:08:59,001 - graphs.graph - INFO - 成功生成摘要: 佛山市政府-意见征集
2026-01-30 15:08:59,002 - graphs.nodes.check_changes_node - INFO - 开始检测网站内容变化: 佛山市政府-意见征集
2026-01-30 15:08:59,003 - graphs.nodes.check_changes_node - INFO - 网站 佛山市政府-意见征集 无变化
2026-01-30 15:08:59,006 - graphs.nodes.send_notification_node - INFO - 开始处理通知: 佛山市政府-意见征集
2026-01-30 15:08:59,006 - graphs.graph - INFO - 网站 佛山市政府-意见征集 处理完成
2026-01-30 15:08:59,007 - graphs.graph - INFO - 处理第 9/15 个网站: 顺德区人民政府网
2026-01-30 15:08:59,007 - graphs.nodes.fetch_website_node - INFO - 开始抓取网站: 顺德区人民政府网, URL: https://www.shunde.gov.cn/sdqrmzf/zwgk/gzdt/tzgg/
/usr/local/lib/python3.12/dist-packages/urllib3/connectionpool.py:1097: InsecureRequestWarning: Unverified HTTPS request is being made to host 'www.shunde.gov.cn'. Adding certificate verification is strongly advised. See: https://urllib3.readthedocs.io/en/latest/advanced-usage.html#tls-warnings
  warnings.warn(
2026-01-30 15:08:59,348 - graphs.nodes.fetch_website_node - INFO - 成功抓取网站: 顺德区人民政府网, 提取到 50 条内容
2026-01-30 15:08:59,352 - graphs.nodes.generate_summary_node - INFO - 开始生成摘要: 顺德区人民政府网
2026-01-30 15:08:59,353 - graphs.nodes.generate_summary_node - INFO - 准备处理 5 个内容项
2026-01-30 15:08:59,551 - coze_workload_identity.client - ERROR - Integration credential request failed with status 400: Integration credential request failed with status 400: invalid param
2026-01-30 15:08:59,551 - graphs.nodes.generate_summary_node - ERROR - 生成摘要失败: Client error (400): Integration credential request failed with status 400: invalid param
2026-01-30 15:08:59,552 - graphs.nodes.generate_summary_node - INFO - 摘要生成完成: 顺德区人民政府网
2026-01-30 15:08:59,553 - graphs.graph - INFO - 成功生成摘要: 顺德区人民政府网
2026-01-30 15:08:59,554 - graphs.nodes.check_changes_node - INFO - 开始检测网站内容变化: 顺德区人民政府网
2026-01-30 15:08:59,555 - graphs.nodes.check_changes_node - INFO - 网站 顺德区人民政府网 无变化
2026-01-30 15:08:59,559 - graphs.nodes.send_notification_node - INFO - 开始处理通知: 顺德区人民政府网
2026-01-30 15:08:59,561 - graphs.graph - INFO - 网站 顺德区人民政府网 处理完成
2026-01-30 15:08:59,561 - graphs.graph - INFO - 处理第 10/15 个网站: 佛山住建局
2026-01-30 15:08:59,562 - graphs.nodes.fetch_website_node - INFO - 开始抓取网站: 佛山住建局, URL: https://fszj.foshan.gov.cn/zwgk/txgg/index.html
/usr/local/lib/python3.12/dist-packages/urllib3/connectionpool.py:1097: InsecureRequestWarning: Unverified HTTPS request is being made to host 'fszj.foshan.gov.cn'. Adding certificate verification is strongly advised. See: https://urllib3.readthedocs.io/en/latest/advanced-usage.html#tls-warnings
  warnings.warn(
2026-01-30 15:08:59,845 - graphs.nodes.fetch_website_node - INFO - 成功抓取网站: 佛山住建局, 提取到 35 条内容
2026-01-30 15:08:59,849 - graphs.nodes.generate_summary_node - INFO - 开始生成摘要: 佛山住建局
2026-01-30 15:08:59,850 - graphs.nodes.generate_summary_node - INFO - 准备处理 5 个内容项
2026-01-30 15:08:59,958 - coze_workload_identity.client - ERROR - Integration credential request failed with status 400: Integration credential request failed with status 400: invalid param
2026-01-30 15:08:59,959 - graphs.nodes.generate_summary_node - ERROR - 生成摘要失败: Client error (400): Integration credential request failed with status 400: invalid param
2026-01-30 15:08:59,959 - graphs.nodes.generate_summary_node - INFO - 摘要生成完成: 佛山住建局
2026-01-30 15:08:59,962 - graphs.graph - INFO - 成功生成摘要: 佛山住建局
2026-01-30 15:08:59,963 - graphs.nodes.check_changes_node - INFO - 开始检测网站内容变化: 佛山住建局
2026-01-30 15:08:59,966 - graphs.nodes.check_changes_node - INFO - 网站 佛山住建局 无变化
2026-01-30 15:08:59,973 - graphs.nodes.send_notification_node - INFO - 开始处理通知: 佛山住建局
2026-01-30 15:08:59,975 - graphs.graph - INFO - 网站 佛山住建局 处理完成
2026-01-30 15:08:59,976 - graphs.graph - INFO - 处理第 11/15 个网站: 顺德区住建局
2026-01-30 15:08:59,977 - graphs.nodes.fetch_website_node - INFO - 开始抓取网站: 顺德区住建局, URL: https://www.shunde.gov.cn/sdqzfjssl/tzggjdt/index.html
/usr/local/lib/python3.12/dist-packages/urllib3/connectionpool.py:1097: InsecureRequestWarning: Unverified HTTPS request is being made to host 'www.shunde.gov.cn'. Adding certificate verification is strongly advised. See: https://urllib3.readthedocs.io/en/latest/advanced-usage.html#tls-warnings
  warnings.warn(
2026-01-30 15:09:00,290 - graphs.nodes.fetch_website_node - INFO - 成功抓取网站: 顺德区住建局, 提取到 31 条内容
2026-01-30 15:09:00,292 - graphs.nodes.generate_summary_node - INFO - 开始生成摘要: 顺德区住建局
2026-01-30 15:09:00,293 - graphs.nodes.generate_summary_node - INFO - 准备处理 5 个内容项
2026-01-30 15:09:00,450 - coze_workload_identity.client - ERROR - Integration credential request failed with status 400: Integration credential request failed with status 400: invalid param
2026-01-30 15:09:00,451 - graphs.nodes.generate_summary_node - ERROR - 生成摘要失败: Client error (400): Integration credential request failed with status 400: invalid param
2026-01-30 15:09:00,452 - graphs.nodes.generate_summary_node - INFO - 摘要生成完成: 顺德区住建局
2026-01-30 15:09:00,453 - graphs.graph - INFO - 成功生成摘要: 顺德区住建局
2026-01-30 15:09:00,454 - graphs.nodes.check_changes_node - INFO - 开始检测网站内容变化: 顺德区住建局
2026-01-30 15:09:00,455 - graphs.nodes.check_changes_node - INFO - 网站 顺德区住建局 无变化
2026-01-30 15:09:00,458 - graphs.nodes.send_notification_node - INFO - 开始处理通知: 顺德区住建局
2026-01-30 15:09:00,459 - graphs.graph - INFO - 网站 顺德区住建局 处理完成
2026-01-30 15:09:00,460 - graphs.graph - INFO - 处理第 12/15 个网站: 南海区住建局
2026-01-30 15:09:00,460 - graphs.nodes.fetch_website_node - INFO - 开始抓取网站: 南海区住建局, URL: https://www.nanhai.gov.cn/fsnhq/bmdh/zfbm/qzjhslj/xxgkml/tzgg/index.html
/usr/local/lib/python3.12/dist-packages/urllib3/connectionpool.py:1097: InsecureRequestWarning: Unverified HTTPS request is being made to host 'www.nanhai.gov.cn'. Adding certificate verification is strongly advised. See: https://urllib3.readthedocs.io/en/latest/advanced-usage.html#tls-warnings
  warnings.warn(
2026-01-30 15:09:00,815 - graphs.nodes.fetch_website_node - INFO - 成功抓取网站: 南海区住建局, 提取到 50 条内容
2026-01-30 15:09:00,818 - graphs.nodes.generate_summary_node - INFO - 开始生成摘要: 南海区住建局
2026-01-30 15:09:00,819 - graphs.nodes.generate_summary_node - INFO - 准备处理 5 个内容项
2026-01-30 15:09:00,934 - coze_workload_identity.client - ERROR - Integration credential request failed with status 400: Integration credential request failed with status 400: invalid param
2026-01-30 15:09:00,935 - graphs.nodes.generate_summary_node - ERROR - 生成摘要失败: Client error (400): Integration credential request failed with status 400: invalid param
2026-01-30 15:09:00,936 - graphs.nodes.generate_summary_node - INFO - 摘要生成完成: 南海区住建局
2026-01-30 15:09:00,938 - graphs.graph - INFO - 成功生成摘要: 南海区住建局
2026-01-30 15:09:00,939 - graphs.nodes.check_changes_node - INFO - 开始检测网站内容变化: 南海区住建局
2026-01-30 15:09:00,940 - graphs.nodes.check_changes_node - INFO - 网站 南海区住建局 无变化
2026-01-30 15:09:00,943 - graphs.nodes.send_notification_node - INFO - 开始处理通知: 南海区住建局
2026-01-30 15:09:00,944 - graphs.graph - INFO - 网站 南海区住建局 处理完成
2026-01-30 15:09:00,944 - graphs.graph - INFO - 处理第 13/15 个网站: 三水区住建局
2026-01-30 15:09:00,945 - graphs.nodes.fetch_website_node - INFO - 开始抓取网站: 三水区住建局, URL: https://www.ss.gov.cn/fssscxslj/gkmlpt/index
/usr/local/lib/python3.12/dist-packages/urllib3/connectionpool.py:1097: InsecureRequestWarning: Unverified HTTPS request is being made to host 'www.ss.gov.cn'. Adding certificate verification is strongly advised. See: https://urllib3.readthedocs.io/en/latest/advanced-usage.html#tls-warnings
  warnings.warn(
2026-01-30 15:09:01,236 - graphs.nodes.fetch_website_node - INFO - 成功抓取网站: 三水区住建局, 提取到 4 条内容
2026-01-30 15:09:01,238 - graphs.nodes.generate_summary_node - INFO - 开始生成摘要: 三水区住建局
2026-01-30 15:09:01,239 - graphs.nodes.generate_summary_node - INFO - 准备处理 4 个内容项
2026-01-30 15:09:01,444 - coze_workload_identity.client - ERROR - Integration credential request failed with status 400: Integration credential request failed with status 400: invalid param
2026-01-30 15:09:01,446 - graphs.nodes.generate_summary_node - ERROR - 生成摘要失败: Client error (400): Integration credential request failed with status 400: invalid param
2026-01-30 15:09:01,447 - graphs.nodes.generate_summary_node - INFO - 摘要生成完成: 三水区住建局
2026-01-30 15:09:01,453 - graphs.graph - INFO - 成功生成摘要: 三水区住建局
2026-01-30 15:09:01,456 - graphs.nodes.check_changes_node - INFO - 开始检测网站内容变化: 三水区住建局
2026-01-30 15:09:01,459 - graphs.nodes.check_changes_node - INFO - 网站 三水区住建局 无变化
2026-01-30 15:09:01,466 - graphs.nodes.send_notification_node - INFO - 开始处理通知: 三水区住建局
2026-01-30 15:09:01,468 - graphs.graph - INFO - 网站 三水区住建局 处理完成
2026-01-30 15:09:01,470 - graphs.graph - INFO - 处理第 14/15 个网站: 高明区住建局
2026-01-30 15:09:01,471 - graphs.nodes.fetch_website_node - INFO - 开始抓取网站: 高明区住建局, URL: https://www.gaoming.gov.cn/gzjg/zfgzbm/qgtcjswj/gzdt_1106223/index.html
/usr/local/lib/python3.12/dist-packages/urllib3/connectionpool.py:1097: InsecureRequestWarning: Unverified HTTPS request is being made to host 'www.gaoming.gov.cn'. Adding certificate verification is strongly advised. See: https://urllib3.readthedocs.io/en/latest/advanced-usage.html#tls-warnings
  warnings.warn(
2026-01-30 15:09:01,754 - graphs.nodes.fetch_website_node - INFO - 成功抓取网站: 高明区住建局, 提取到 37 条内容
2026-01-30 15:09:01,757 - graphs.nodes.generate_summary_node - INFO - 开始生成摘要: 高明区住建局
2026-01-30 15:09:01,758 - graphs.nodes.generate_summary_node - INFO - 准备处理 5 个内容项
2026-01-30 15:09:01,930 - coze_workload_identity.client - ERROR - Integration credential request failed with status 400: Integration credential request failed with status 400: invalid param
2026-01-30 15:09:01,931 - graphs.nodes.generate_summary_node - ERROR - 生成摘要失败: Client error (400): Integration credential request failed with status 400: invalid param
2026-01-30 15:09:01,932 - graphs.nodes.generate_summary_node - INFO - 摘要生成完成: 高明区住建局
2026-01-30 15:09:01,934 - graphs.graph - INFO - 成功生成摘要: 高明区住建局
2026-01-30 15:09:01,935 - graphs.nodes.check_changes_node - INFO - 开始检测网站内容变化: 高明区住建局
2026-01-30 15:09:01,938 - graphs.nodes.check_changes_node - INFO - 网站 高明区住建局 无变化
2026-01-30 15:09:01,944 - graphs.nodes.send_notification_node - INFO - 开始处理通知: 高明区住建局
2026-01-30 15:09:01,946 - graphs.graph - INFO - 网站 高明区住建局 处理完成
2026-01-30 15:09:01,947 - graphs.graph - INFO - 处理第 15/15 个网站: 佛山市公积金中心
2026-01-30 15:09:01,949 - graphs.nodes.fetch_website_node - INFO - 开始抓取网站: 佛山市公积金中心, URL: https://fsgjj.foshan.gov.cn/xxgk/tztg/index.html
/usr/local/lib/python3.12/dist-packages/urllib3/connectionpool.py:1097: InsecureRequestWarning: Unverified HTTPS request is being made to host 'fsgjj.foshan.gov.cn'. Adding certificate verification is strongly advised. See: https://urllib3.readthedocs.io/en/latest/advanced-usage.html#tls-warnings
  warnings.warn(
2026-01-30 15:09:02,219 - graphs.nodes.fetch_website_node - INFO - 成功抓取网站: 佛山市公积金中心, 提取到 50 条内容
2026-01-30 15:09:02,221 - graphs.nodes.generate_summary_node - INFO - 开始生成摘要: 佛山市公积金中心
2026-01-30 15:09:02,223 - graphs.nodes.generate_summary_node - INFO - 准备处理 5 个内容项
2026-01-30 15:09:02,348 - coze_workload_identity.client - ERROR - Integration credential request failed with status 400: Integration credential request failed with status 400: invalid param
2026-01-30 15:09:02,349 - graphs.nodes.generate_summary_node - ERROR - 生成摘要失败: Client error (400): Integration credential request failed with status 400: invalid param
2026-01-30 15:09:02,350 - graphs.nodes.generate_summary_node - INFO - 摘要生成完成: 佛山市公积金中心
2026-01-30 15:09:02,351 - graphs.graph - INFO - 成功生成摘要: 佛山市公积金中心
2026-01-30 15:09:02,352 - graphs.nodes.check_changes_node - INFO - 开始检测网站内容变化: 佛山市公积金中心
2026-01-30 15:09:02,354 - graphs.nodes.check_changes_node - INFO - 网站 佛山市公积金中心 无变化
2026-01-30 15:09:02,358 - graphs.nodes.send_notification_node - INFO - 开始处理通知: 佛山市公积金中心
2026-01-30 15:09:02,360 - graphs.graph - INFO - 网站 佛山市公积金中心 处理完成
2026-01-30 15:09:02,360 - graphs.graph - INFO - 所有网站处理完成，共 0 个网站有更新
2026-01-30 15:09:02,363 - __main__ - INFO - 监控完成:
2026-01-30 15:09:02,364 - __main__ - INFO -   - 总网站数: 15
2026-01-30 15:09:02,365 - __main__ - INFO -   - 已处理: 15
2026-01-30 15:09:02,366 - __main__ - INFO -   - 有更新: 0
2026-01-30 15:09:02,367 - __main__ - INFO - 本次监控耗时: 7.37秒
2026-01-30 15:09:02,368 - __main__ - INFO - ============================================================
2026-01-30 15:09:02,369 - __main__ - INFO - 下次运行时间: 2026-01-30 15:14:02
2026-01-30 15:14:02,374 - __main__ - INFO - ============================================================
2026-01-30 15:14:02,375 - __main__ - INFO - 开始第 2 次监控 - 2026-01-30 15:14:02
2026-01-30 15:14:02,376 - __main__ - INFO - 邮件通知已启用，将发送到: gshyun@qq.com
2026-01-30 15:14:02,378 - graphs.graph - INFO - 使用默认网站列表，共 15 个网站
2026-01-30 15:14:02,378 - graphs.graph - INFO - 已配置邮件通知，将发送到: gshyun@qq.com
2026-01-30 15:14:02,379 - graphs.graph - INFO - 处理第 1/15 个网站: 佛山自然资源局-批前
2026-01-30 15:14:02,379 - graphs.nodes.fetch_website_node - INFO - 开始抓取网站: 佛山自然资源局-批前, URL: https://fszrzy.foshan.gov.cn/ywzt/cxgh/pqgs/index.html
/usr/local/lib/python3.12/dist-packages/urllib3/connectionpool.py:1097: InsecureRequestWarning: Unverified HTTPS request is being made to host 'fszrzy.foshan.gov.cn'. Adding certificate verification is strongly advised. See: https://urllib3.readthedocs.io/en/latest/advanced-usage.html#tls-warnings
  warnings.warn(
2026-01-30 15:14:02,765 - graphs.nodes.fetch_website_node - INFO - 成功抓取网站: 佛山自然资源局-批前, 提取到 50 条内容
2026-01-30 15:14:02,768 - graphs.nodes.generate_summary_node - INFO - 开始生成摘要: 佛山自然资源局-批前
2026-01-30 15:14:02,769 - graphs.nodes.generate_summary_node - INFO - 准备处理 5 个内容项
2026-01-30 15:14:02,959 - coze_workload_identity.client - ERROR - Integration credential request failed with status 400: Integration credential request failed with status 400: invalid param
2026-01-30 15:14:02,961 - graphs.nodes.generate_summary_node - ERROR - 生成摘要失败: Client error (400): Integration credential request failed with status 400: invalid param
2026-01-30 15:14:02,961 - graphs.nodes.generate_summary_node - INFO - 摘要生成完成: 佛山自然资源局-批前
2026-01-30 15:14:02,963 - graphs.graph - INFO - 成功生成摘要: 佛山自然资源局-批前
2026-01-30 15:14:02,964 - graphs.nodes.check_changes_node - INFO - 开始检测网站内容变化: 佛山自然资源局-批前
2026-01-30 15:14:02,965 - graphs.nodes.check_changes_node - INFO - 网站 佛山自然资源局-批前 无变化
2026-01-30 15:14:02,968 - graphs.nodes.send_notification_node - INFO - 开始处理通知: 佛山自然资源局-批前
2026-01-30 15:14:02,969 - graphs.graph - INFO - 网站 佛山自然资源局-批前 处理完成
2026-01-30 15:14:02,969 - graphs.graph - INFO - 处理第 2/15 个网站: 佛山自然资源局-批后
2026-01-30 15:14:02,970 - graphs.nodes.fetch_website_node - INFO - 开始抓取网站: 佛山自然资源局-批后, URL: https://fszrzy.foshan.gov.cn/ywzt/cxgh/phgg/
/usr/local/lib/python3.12/dist-packages/urllib3/connectionpool.py:1097: InsecureRequestWarning: Unverified HTTPS request is being made to host 'fszrzy.foshan.gov.cn'. Adding certificate verification is strongly advised. See: https://urllib3.readthedocs.io/en/latest/advanced-usage.html#tls-warnings
  warnings.warn(
2026-01-30 15:14:03,262 - graphs.nodes.fetch_website_node - INFO - 成功抓取网站: 佛山自然资源局-批后, 提取到 50 条内容
2026-01-30 15:14:03,264 - graphs.nodes.generate_summary_node - INFO - 开始生成摘要: 佛山自然资源局-批后
2026-01-30 15:14:03,265 - graphs.nodes.generate_summary_node - INFO - 准备处理 5 个内容项
2026-01-30 15:14:03,422 - coze_workload_identity.client - ERROR - Integration credential request failed with status 400: Integration credential request failed with status 400: invalid param
2026-01-30 15:14:03,423 - graphs.nodes.generate_summary_node - ERROR - 生成摘要失败: Client error (400): Integration credential request failed with status 400: invalid param
2026-01-30 15:14:03,424 - graphs.nodes.generate_summary_node - INFO - 摘要生成完成: 佛山自然资源局-批后
2026-01-30 15:14:03,426 - graphs.graph - INFO - 成功生成摘要: 佛山自然资源局-批后
2026-01-30 15:14:03,426 - graphs.nodes.check_changes_node - INFO - 开始检测网站内容变化: 佛山自然资源局-批后
2026-01-30 15:14:03,427 - graphs.nodes.check_changes_node - INFO - 网站 佛山自然资源局-批后 无变化
2026-01-30 15:14:03,431 - graphs.nodes.send_notification_node - INFO - 开始处理通知: 佛山自然资源局-批后
2026-01-30 15:14:03,432 - graphs.graph - INFO - 网站 佛山自然资源局-批后 处理完成
2026-01-30 15:14:03,433 - graphs.graph - INFO - 处理第 3/15 个网站: 佛山自然资源局-通知公告
2026-01-30 15:14:03,433 - graphs.nodes.fetch_website_node - INFO - 开始抓取网站: 佛山自然资源局-通知公告, URL: https://fszrzy.foshan.gov.cn/zwgk/tzgg/index.html
/usr/local/lib/python3.12/dist-packages/urllib3/connectionpool.py:1097: InsecureRequestWarning: Unverified HTTPS request is being made to host 'fszrzy.foshan.gov.cn'. Adding certificate verification is strongly advised. See: https://urllib3.readthedocs.io/en/latest/advanced-usage.html#tls-warnings
  warnings.warn(
2026-01-30 15:14:03,764 - graphs.nodes.fetch_website_node - INFO - 成功抓取网站: 佛山自然资源局-通知公告, 提取到 50 条内容
2026-01-30 15:14:03,767 - graphs.nodes.generate_summary_node - INFO - 开始生成摘要: 佛山自然资源局-通知公告
2026-01-30 15:14:03,768 - graphs.nodes.generate_summary_node - INFO - 准备处理 5 个内容项
2026-01-30 15:14:03,885 - coze_workload_identity.client - ERROR - Integration credential request failed with status 400: Integration credential request failed with status 400: invalid param
2026-01-30 15:14:03,887 - graphs.nodes.generate_summary_node - ERROR - 生成摘要失败: Client error (400): Integration credential request failed with status 400: invalid param
2026-01-30 15:14:03,887 - graphs.nodes.generate_summary_node - INFO - 摘要生成完成: 佛山自然资源局-通知公告
2026-01-30 15:14:03,889 - graphs.graph - INFO - 成功生成摘要: 佛山自然资源局-通知公告
2026-01-30 15:14:03,890 - graphs.nodes.check_changes_node - INFO - 开始检测网站内容变化: 佛山自然资源局-通知公告
2026-01-30 15:14:03,891 - graphs.nodes.check_changes_node - INFO - 网站 佛山自然资源局-通知公告 无变化
2026-01-30 15:14:03,894 - graphs.nodes.send_notification_node - INFO - 开始处理通知: 佛山自然资源局-通知公告
2026-01-30 15:14:03,895 - graphs.graph - INFO - 网站 佛山自然资源局-通知公告 处理完成
2026-01-30 15:14:03,895 - graphs.graph - INFO - 处理第 4/15 个网站: 禅城区自然资源局
2026-01-30 15:14:03,896 - graphs.nodes.fetch_website_node - INFO - 开始抓取网站: 禅城区自然资源局, URL: https://www.chancheng.gov.cn/fscczrzyj/gkmlpt/index
/usr/local/lib/python3.12/dist-packages/urllib3/connectionpool.py:1097: InsecureRequestWarning: Unverified HTTPS request is being made to host 'www.chancheng.gov.cn'. Adding certificate verification is strongly advised. See: https://urllib3.readthedocs.io/en/latest/advanced-usage.html#tls-warnings
  warnings.warn(
2026-01-30 15:14:04,222 - graphs.nodes.fetch_website_node - INFO - 成功抓取网站: 禅城区自然资源局, 提取到 4 条内容
2026-01-30 15:14:04,225 - graphs.nodes.generate_summary_node - INFO - 开始生成摘要: 禅城区自然资源局
2026-01-30 15:14:04,225 - graphs.nodes.generate_summary_node - INFO - 准备处理 4 个内容项
2026-01-30 15:14:04,334 - coze_workload_identity.client - ERROR - Integration credential request failed with status 400: Integration credential request failed with status 400: invalid param
2026-01-30 15:14:04,335 - graphs.nodes.generate_summary_node - ERROR - 生成摘要失败: Client error (400): Integration credential request failed with status 400: invalid param
2026-01-30 15:14:04,335 - graphs.nodes.generate_summary_node - INFO - 摘要生成完成: 禅城区自然资源局
2026-01-30 15:14:04,337 - graphs.graph - INFO - 成功生成摘要: 禅城区自然资源局
2026-01-30 15:14:04,338 - graphs.nodes.check_changes_node - INFO - 开始检测网站内容变化: 禅城区自然资源局
2026-01-30 15:14:04,339 - graphs.nodes.check_changes_node - INFO - 网站 禅城区自然资源局 无变化
2026-01-30 15:14:04,344 - graphs.nodes.send_notification_node - INFO - 开始处理通知: 禅城区自然资源局
2026-01-30 15:14:04,345 - graphs.graph - INFO - 网站 禅城区自然资源局 处理完成
2026-01-30 15:14:04,345 - graphs.graph - INFO - 处理第 5/15 个网站: 南海区自然资源局
2026-01-30 15:14:04,347 - graphs.nodes.fetch_website_node - INFO - 开始抓取网站: 南海区自然资源局, URL: https://www.nanhai.gov.cn/fsnhzrzyj/gkmlpt/mindex/
/usr/local/lib/python3.12/dist-packages/urllib3/connectionpool.py:1097: InsecureRequestWarning: Unverified HTTPS request is being made to host 'www.nanhai.gov.cn'. Adding certificate verification is strongly advised. See: https://urllib3.readthedocs.io/en/latest/advanced-usage.html#tls-warnings
  warnings.warn(
2026-01-30 15:14:04,658 - graphs.nodes.fetch_website_node - INFO - 成功抓取网站: 南海区自然资源局, 提取到 4 条内容
2026-01-30 15:14:04,660 - graphs.nodes.generate_summary_node - INFO - 开始生成摘要: 南海区自然资源局
2026-01-30 15:14:04,662 - graphs.nodes.generate_summary_node - INFO - 准备处理 4 个内容项
2026-01-30 15:14:04,858 - coze_workload_identity.client - ERROR - Integration credential request failed with status 400: Integration credential request failed with status 400: invalid param
2026-01-30 15:14:04,859 - graphs.nodes.generate_summary_node - ERROR - 生成摘要失败: Client error (400): Integration credential request failed with status 400: invalid param
2026-01-30 15:14:04,860 - graphs.nodes.generate_summary_node - INFO - 摘要生成完成: 南海区自然资源局
2026-01-30 15:14:04,862 - graphs.graph - INFO - 成功生成摘要: 南海区自然资源局
2026-01-30 15:14:04,863 - graphs.nodes.check_changes_node - INFO - 开始检测网站内容变化: 南海区自然资源局
2026-01-30 15:14:04,864 - graphs.nodes.check_changes_node - INFO - 网站 南海区自然资源局 无变化
2026-01-30 15:14:04,868 - graphs.nodes.send_notification_node - INFO - 开始处理通知: 南海区自然资源局
2026-01-30 15:14:04,869 - graphs.graph - INFO - 网站 南海区自然资源局 处理完成
2026-01-30 15:14:04,869 - graphs.graph - INFO - 处理第 6/15 个网站: 顺德区自然资源局
2026-01-30 15:14:04,870 - graphs.nodes.fetch_website_node - INFO - 开始抓取网站: 顺德区自然资源局, URL: https://www.shunde.gov.cn/sdszrzyjsdfj/tzgg/tzggjdt/index.html
/usr/local/lib/python3.12/dist-packages/urllib3/connectionpool.py:1097: InsecureRequestWarning: Unverified HTTPS request is being made to host 'www.shunde.gov.cn'. Adding certificate verification is strongly advised. See: https://urllib3.readthedocs.io/en/latest/advanced-usage.html#tls-warnings
  warnings.warn(
2026-01-30 15:14:05,288 - graphs.nodes.fetch_website_node - INFO - 成功抓取网站: 顺德区自然资源局, 提取到 41 条内容
2026-01-30 15:14:05,291 - graphs.nodes.generate_summary_node - INFO - 开始生成摘要: 顺德区自然资源局
2026-01-30 15:14:05,292 - graphs.nodes.generate_summary_node - INFO - 准备处理 5 个内容项
2026-01-30 15:14:05,397 - coze_workload_identity.client - ERROR - Integration credential request failed with status 400: Integration credential request failed with status 400: invalid param
2026-01-30 15:14:05,398 - graphs.nodes.generate_summary_node - ERROR - 生成摘要失败: Client error (400): Integration credential request failed with status 400: invalid param
2026-01-30 15:14:05,399 - graphs.nodes.generate_summary_node - INFO - 摘要生成完成: 顺德区自然资源局
2026-01-30 15:14:05,401 - graphs.graph - INFO - 成功生成摘要: 顺德区自然资源局
2026-01-30 15:14:05,402 - graphs.nodes.check_changes_node - INFO - 开始检测网站内容变化: 顺德区自然资源局
2026-01-30 15:14:05,404 - graphs.nodes.check_changes_node - INFO - 网站 顺德区自然资源局 无变化
2026-01-30 15:14:05,407 - graphs.nodes.send_notification_node - INFO - 开始处理通知: 顺德区自然资源局
2026-01-30 15:14:05,408 - graphs.graph - INFO - 网站 顺德区自然资源局 处理完成
2026-01-30 15:14:05,408 - graphs.graph - INFO - 处理第 7/15 个网站: 佛山公共资源交易网站
2026-01-30 15:14:05,409 - graphs.nodes.fetch_website_node - INFO - 开始抓取网站: 佛山公共资源交易网站, URL: http://jy.ggzy.foshan.gov.cn:3680/TPBank/newweb/framehtml/onlineTradex/index.html
2026-01-30 15:14:05,571 - graphs.nodes.fetch_website_node - INFO - 成功抓取网站: 佛山公共资源交易网站, 提取到 15 条内容
2026-01-30 15:14:05,572 - graphs.nodes.generate_summary_node - INFO - 开始生成摘要: 佛山公共资源交易网站
2026-01-30 15:14:05,573 - graphs.nodes.generate_summary_node - INFO - 准备处理 5 个内容项
2026-01-30 15:14:05,899 - coze_workload_identity.client - ERROR - Integration credential request failed with status 400: Integration credential request failed with status 400: invalid param
2026-01-30 15:14:05,900 - graphs.nodes.generate_summary_node - ERROR - 生成摘要失败: Client error (400): Integration credential request failed with status 400: invalid param
2026-01-30 15:14:05,901 - graphs.nodes.generate_summary_node - INFO - 摘要生成完成: 佛山公共资源交易网站
2026-01-30 15:14:05,903 - graphs.graph - INFO - 成功生成摘要: 佛山公共资源交易网站
2026-01-30 15:14:05,905 - graphs.nodes.check_changes_node - INFO - 开始检测网站内容变化: 佛山公共资源交易网站
2026-01-30 15:14:05,908 - graphs.nodes.check_changes_node - INFO - 网站 佛山公共资源交易网站 无变化
2026-01-30 15:14:05,916 - graphs.nodes.send_notification_node - INFO - 开始处理通知: 佛山公共资源交易网站
2026-01-30 15:14:05,918 - graphs.graph - INFO - 网站 佛山公共资源交易网站 处理完成
2026-01-30 15:14:05,919 - graphs.graph - INFO - 处理第 8/15 个网站: 佛山市政府-意见征集
2026-01-30 15:14:05,921 - graphs.nodes.fetch_website_node - INFO - 开始抓取网站: 佛山市政府-意见征集, URL: https://www.foshan.gov.cn/hdjl/yjzj/index.html
/usr/local/lib/python3.12/dist-packages/urllib3/connectionpool.py:1097: InsecureRequestWarning: Unverified HTTPS request is being made to host 'www.foshan.gov.cn'. Adding certificate verification is strongly advised. See: https://urllib3.readthedocs.io/en/latest/advanced-usage.html#tls-warnings
  warnings.warn(
2026-01-30 15:14:06,401 - graphs.nodes.fetch_website_node - INFO - 成功抓取网站: 佛山市政府-意见征集, 提取到 12 条内容
2026-01-30 15:14:06,404 - graphs.nodes.generate_summary_node - INFO - 开始生成摘要: 佛山市政府-意见征集
2026-01-30 15:14:06,405 - graphs.nodes.generate_summary_node - INFO - 准备处理 5 个内容项
2026-01-30 15:14:06,549 - coze_workload_identity.client - ERROR - Integration credential request failed with status 400: Integration credential request failed with status 400: invalid param
2026-01-30 15:14:06,550 - graphs.nodes.generate_summary_node - ERROR - 生成摘要失败: Client error (400): Integration credential request failed with status 400: invalid param
2026-01-30 15:14:06,551 - graphs.nodes.generate_summary_node - INFO - 摘要生成完成: 佛山市政府-意见征集
2026-01-30 15:14:06,553 - graphs.graph - INFO - 成功生成摘要: 佛山市政府-意见征集
2026-01-30 15:14:06,554 - graphs.nodes.check_changes_node - INFO - 开始检测网站内容变化: 佛山市政府-意见征集
2026-01-30 15:14:06,555 - graphs.nodes.check_changes_node - INFO - 网站 佛山市政府-意见征集 无变化
2026-01-30 15:14:06,558 - graphs.nodes.send_notification_node - INFO - 开始处理通知: 佛山市政府-意见征集
2026-01-30 15:14:06,559 - graphs.graph - INFO - 网站 佛山市政府-意见征集 处理完成
2026-01-30 15:14:06,559 - graphs.graph - INFO - 处理第 9/15 个网站: 顺德区人民政府网
2026-01-30 15:14:06,560 - graphs.nodes.fetch_website_node - INFO - 开始抓取网站: 顺德区人民政府网, URL: https://www.shunde.gov.cn/sdqrmzf/zwgk/gzdt/tzgg/
/usr/local/lib/python3.12/dist-packages/urllib3/connectionpool.py:1097: InsecureRequestWarning: Unverified HTTPS request is being made to host 'www.shunde.gov.cn'. Adding certificate verification is strongly advised. See: https://urllib3.readthedocs.io/en/latest/advanced-usage.html#tls-warnings
  warnings.warn(
2026-01-30 15:14:07,034 - graphs.nodes.fetch_website_node - INFO - 成功抓取网站: 顺德区人民政府网, 提取到 50 条内容
2026-01-30 15:14:07,036 - graphs.nodes.generate_summary_node - INFO - 开始生成摘要: 顺德区人民政府网
2026-01-30 15:14:07,037 - graphs.nodes.generate_summary_node - INFO - 准备处理 5 个内容项
2026-01-30 15:14:07,155 - coze_workload_identity.client - ERROR - Integration credential request failed with status 400: Integration credential request failed with status 400: invalid param
2026-01-30 15:14:07,156 - graphs.nodes.generate_summary_node - ERROR - 生成摘要失败: Client error (400): Integration credential request failed with status 400: invalid param
2026-01-30 15:14:07,157 - graphs.nodes.generate_summary_node - INFO - 摘要生成完成: 顺德区人民政府网
2026-01-30 15:14:07,159 - graphs.graph - INFO - 成功生成摘要: 顺德区人民政府网
2026-01-30 15:14:07,160 - graphs.nodes.check_changes_node - INFO - 开始检测网站内容变化: 顺德区人民政府网
2026-01-30 15:14:07,161 - graphs.nodes.check_changes_node - INFO - 网站 顺德区人民政府网 无变化
2026-01-30 15:14:07,164 - graphs.nodes.send_notification_node - INFO - 开始处理通知: 顺德区人民政府网
2026-01-30 15:14:07,165 - graphs.graph - INFO - 网站 顺德区人民政府网 处理完成
2026-01-30 15:14:07,165 - graphs.graph - INFO - 处理第 10/15 个网站: 佛山住建局
2026-01-30 15:14:07,166 - graphs.nodes.fetch_website_node - INFO - 开始抓取网站: 佛山住建局, URL: https://fszj.foshan.gov.cn/zwgk/txgg/index.html
/usr/local/lib/python3.12/dist-packages/urllib3/connectionpool.py:1097: InsecureRequestWarning: Unverified HTTPS request is being made to host 'fszj.foshan.gov.cn'. Adding certificate verification is strongly advised. See: https://urllib3.readthedocs.io/en/latest/advanced-usage.html#tls-warnings
  warnings.warn(
2026-01-30 15:14:07,451 - graphs.nodes.fetch_website_node - INFO - 成功抓取网站: 佛山住建局, 提取到 35 条内容
2026-01-30 15:14:07,454 - graphs.nodes.generate_summary_node - INFO - 开始生成摘要: 佛山住建局
2026-01-30 15:14:07,455 - graphs.nodes.generate_summary_node - INFO - 准备处理 5 个内容项
2026-01-30 15:14:07,564 - coze_workload_identity.client - ERROR - Integration credential request failed with status 400: Integration credential request failed with status 400: invalid param
2026-01-30 15:14:07,566 - graphs.nodes.generate_summary_node - ERROR - 生成摘要失败: Client error (400): Integration credential request failed with status 400: invalid param
2026-01-30 15:14:07,567 - graphs.nodes.generate_summary_node - INFO - 摘要生成完成: 佛山住建局
2026-01-30 15:14:07,569 - graphs.graph - INFO - 成功生成摘要: 佛山住建局
2026-01-30 15:14:07,570 - graphs.nodes.check_changes_node - INFO - 开始检测网站内容变化: 佛山住建局
2026-01-30 15:14:07,572 - graphs.nodes.check_changes_node - INFO - 网站 佛山住建局 无变化
2026-01-30 15:14:07,575 - graphs.nodes.send_notification_node - INFO - 开始处理通知: 佛山住建局
2026-01-30 15:14:07,575 - graphs.graph - INFO - 网站 佛山住建局 处理完成
2026-01-30 15:14:07,576 - graphs.graph - INFO - 处理第 11/15 个网站: 顺德区住建局
2026-01-30 15:14:07,577 - graphs.nodes.fetch_website_node - INFO - 开始抓取网站: 顺德区住建局, URL: https://www.shunde.gov.cn/sdqzfjssl/tzggjdt/index.html
/usr/local/lib/python3.12/dist-packages/urllib3/connectionpool.py:1097: InsecureRequestWarning: Unverified HTTPS request is being made to host 'www.shunde.gov.cn'. Adding certificate verification is strongly advised. See: https://urllib3.readthedocs.io/en/latest/advanced-usage.html#tls-warnings
  warnings.warn(
2026-01-30 15:14:07,890 - graphs.nodes.fetch_website_node - INFO - 成功抓取网站: 顺德区住建局, 提取到 31 条内容
2026-01-30 15:14:07,893 - graphs.nodes.generate_summary_node - INFO - 开始生成摘要: 顺德区住建局
2026-01-30 15:14:07,895 - graphs.nodes.generate_summary_node - INFO - 准备处理 5 个内容项
2026-01-30 15:14:08,065 - coze_workload_identity.client - ERROR - Integration credential request failed with status 400: Integration credential request failed with status 400: invalid param
2026-01-30 15:14:08,067 - graphs.nodes.generate_summary_node - ERROR - 生成摘要失败: Client error (400): Integration credential request failed with status 400: invalid param
2026-01-30 15:14:08,068 - graphs.nodes.generate_summary_node - INFO - 摘要生成完成: 顺德区住建局
2026-01-30 15:14:08,074 - graphs.graph - INFO - 成功生成摘要: 顺德区住建局
2026-01-30 15:14:08,077 - graphs.nodes.check_changes_node - INFO - 开始检测网站内容变化: 顺德区住建局
2026-01-30 15:14:08,082 - graphs.nodes.check_changes_node - INFO - 网站 顺德区住建局 无变化
2026-01-30 15:14:08,089 - graphs.nodes.send_notification_node - INFO - 开始处理通知: 顺德区住建局
2026-01-30 15:14:08,090 - graphs.graph - INFO - 网站 顺德区住建局 处理完成
2026-01-30 15:14:08,092 - graphs.graph - INFO - 处理第 12/15 个网站: 南海区住建局
2026-01-30 15:14:08,093 - graphs.nodes.fetch_website_node - INFO - 开始抓取网站: 南海区住建局, URL: https://www.nanhai.gov.cn/fsnhq/bmdh/zfbm/qzjhslj/xxgkml/tzgg/index.html
/usr/local/lib/python3.12/dist-packages/urllib3/connectionpool.py:1097: InsecureRequestWarning: Unverified HTTPS request is being made to host 'www.nanhai.gov.cn'. Adding certificate verification is strongly advised. See: https://urllib3.readthedocs.io/en/latest/advanced-usage.html#tls-warnings
  warnings.warn(
2026-01-30 15:14:08,394 - graphs.nodes.fetch_website_node - INFO - 成功抓取网站: 南海区住建局, 提取到 50 条内容
2026-01-30 15:14:08,397 - graphs.nodes.generate_summary_node - INFO - 开始生成摘要: 南海区住建局
2026-01-30 15:14:08,398 - graphs.nodes.generate_summary_node - INFO - 准备处理 5 个内容项
2026-01-30 15:14:08,570 - coze_workload_identity.client - ERROR - Integration credential request failed with status 400: Integration credential request failed with status 400: invalid param
2026-01-30 15:14:08,570 - graphs.nodes.generate_summary_node - ERROR - 生成摘要失败: Client error (400): Integration credential request failed with status 400: invalid param
2026-01-30 15:14:08,571 - graphs.nodes.generate_summary_node - INFO - 摘要生成完成: 南海区住建局
2026-01-30 15:14:08,573 - graphs.graph - INFO - 成功生成摘要: 南海区住建局
2026-01-30 15:14:08,573 - graphs.nodes.check_changes_node - INFO - 开始检测网站内容变化: 南海区住建局
2026-01-30 15:14:08,575 - graphs.nodes.check_changes_node - INFO - 网站 南海区住建局 无变化
2026-01-30 15:14:08,577 - graphs.nodes.send_notification_node - INFO - 开始处理通知: 南海区住建局
2026-01-30 15:14:08,577 - graphs.graph - INFO - 网站 南海区住建局 处理完成
2026-01-30 15:14:08,578 - graphs.graph - INFO - 处理第 13/15 个网站: 三水区住建局
2026-01-30 15:14:08,578 - graphs.nodes.fetch_website_node - INFO - 开始抓取网站: 三水区住建局, URL: https://www.ss.gov.cn/fssscxslj/gkmlpt/index
/usr/local/lib/python3.12/dist-packages/urllib3/connectionpool.py:1097: InsecureRequestWarning: Unverified HTTPS request is being made to host 'www.ss.gov.cn'. Adding certificate verification is strongly advised. See: https://urllib3.readthedocs.io/en/latest/advanced-usage.html#tls-warnings
  warnings.warn(
2026-01-30 15:14:10,004 - graphs.nodes.fetch_website_node - INFO - 成功抓取网站: 三水区住建局, 提取到 4 条内容
2026-01-30 15:14:10,006 - graphs.nodes.generate_summary_node - INFO - 开始生成摘要: 三水区住建局
2026-01-30 15:14:10,007 - graphs.nodes.generate_summary_node - INFO - 准备处理 4 个内容项
2026-01-30 15:14:10,108 - coze_workload_identity.client - ERROR - Integration credential request failed with status 400: Integration credential request failed with status 400: invalid param
2026-01-30 15:14:10,109 - graphs.nodes.generate_summary_node - ERROR - 生成摘要失败: Client error (400): Integration credential request failed with status 400: invalid param
2026-01-30 15:14:10,110 - graphs.nodes.generate_summary_node - INFO - 摘要生成完成: 三水区住建局
2026-01-30 15:14:10,112 - graphs.graph - INFO - 成功生成摘要: 三水区住建局
2026-01-30 15:14:10,113 - graphs.nodes.check_changes_node - INFO - 开始检测网站内容变化: 三水区住建局
2026-01-30 15:14:10,114 - graphs.nodes.check_changes_node - INFO - 网站 三水区住建局 无变化
2026-01-30 15:14:10,116 - graphs.nodes.send_notification_node - INFO - 开始处理通知: 三水区住建局
2026-01-30 15:14:10,117 - graphs.graph - INFO - 网站 三水区住建局 处理完成
2026-01-30 15:14:10,117 - graphs.graph - INFO - 处理第 14/15 个网站: 高明区住建局
2026-01-30 15:14:10,118 - graphs.nodes.fetch_website_node - INFO - 开始抓取网站: 高明区住建局, URL: https://www.gaoming.gov.cn/gzjg/zfgzbm/qgtcjswj/gzdt_1106223/index.html
/usr/local/lib/python3.12/dist-packages/urllib3/connectionpool.py:1097: InsecureRequestWarning: Unverified HTTPS request is being made to host 'www.gaoming.gov.cn'. Adding certificate verification is strongly advised. See: https://urllib3.readthedocs.io/en/latest/advanced-usage.html#tls-warnings
  warnings.warn(
2026-01-30 15:14:10,375 - graphs.nodes.fetch_website_node - INFO - 成功抓取网站: 高明区住建局, 提取到 37 条内容
2026-01-30 15:14:10,378 - graphs.nodes.generate_summary_node - INFO - 开始生成摘要: 高明区住建局
2026-01-30 15:14:10,379 - graphs.nodes.generate_summary_node - INFO - 准备处理 5 个内容项
2026-01-30 15:14:10,538 - coze_workload_identity.client - ERROR - Integration credential request failed with status 400: Integration credential request failed with status 400: invalid param
2026-01-30 15:14:10,539 - graphs.nodes.generate_summary_node - ERROR - 生成摘要失败: Client error (400): Integration credential request failed with status 400: invalid param
2026-01-30 15:14:10,540 - graphs.nodes.generate_summary_node - INFO - 摘要生成完成: 高明区住建局
2026-01-30 15:14:10,542 - graphs.graph - INFO - 成功生成摘要: 高明区住建局
2026-01-30 15:14:10,543 - graphs.nodes.check_changes_node - INFO - 开始检测网站内容变化: 高明区住建局
2026-01-30 15:14:10,545 - graphs.nodes.check_changes_node - INFO - 网站 高明区住建局 无变化
2026-01-30 15:14:10,548 - graphs.nodes.send_notification_node - INFO - 开始处理通知: 高明区住建局
2026-01-30 15:14:10,549 - graphs.graph - INFO - 网站 高明区住建局 处理完成
2026-01-30 15:14:10,549 - graphs.graph - INFO - 处理第 15/15 个网站: 佛山市公积金中心
2026-01-30 15:14:10,550 - graphs.nodes.fetch_website_node - INFO - 开始抓取网站: 佛山市公积金中心, URL: https://fsgjj.foshan.gov.cn/xxgk/tztg/index.html
/usr/local/lib/python3.12/dist-packages/urllib3/connectionpool.py:1097: InsecureRequestWarning: Unverified HTTPS request is being made to host 'fsgjj.foshan.gov.cn'. Adding certificate verification is strongly advised. See: https://urllib3.readthedocs.io/en/latest/advanced-usage.html#tls-warnings
  warnings.warn(
2026-01-30 15:14:10,864 - graphs.nodes.fetch_website_node - INFO - 成功抓取网站: 佛山市公积金中心, 提取到 50 条内容
2026-01-30 15:14:10,867 - graphs.nodes.generate_summary_node - INFO - 开始生成摘要: 佛山市公积金中心
2026-01-30 15:14:10,868 - graphs.nodes.generate_summary_node - INFO - 准备处理 5 个内容项
2026-01-30 15:14:11,266 - coze_workload_identity.client - ERROR - Integration credential request failed with status 400: Integration credential request failed with status 400: invalid param
2026-01-30 15:14:11,267 - graphs.nodes.generate_summary_node - ERROR - 生成摘要失败: Client error (400): Integration credential request failed with status 400: invalid param
2026-01-30 15:14:11,268 - graphs.nodes.generate_summary_node - INFO - 摘要生成完成: 佛山市公积金中心
2026-01-30 15:14:11,270 - graphs.graph - INFO - 成功生成摘要: 佛山市公积金中心
2026-01-30 15:14:11,271 - graphs.nodes.check_changes_node - INFO - 开始检测网站内容变化: 佛山市公积金中心
2026-01-30 15:14:11,272 - graphs.nodes.check_changes_node - INFO - 网站 佛山市公积金中心 无变化
2026-01-30 15:14:11,275 - graphs.nodes.send_notification_node - INFO - 开始处理通知: 佛山市公积金中心
2026-01-30 15:14:11,276 - graphs.graph - INFO - 网站 佛山市公积金中心 处理完成
2026-01-30 15:14:11,276 - graphs.graph - INFO - 所有网站处理完成，共 0 个网站有更新
2026-01-30 15:14:11,278 - __main__ - INFO - 监控完成:
2026-01-30 15:14:11,278 - __main__ - INFO -   - 总网站数: 15
2026-01-30 15:14:11,279 - __main__ - INFO -   - 已处理: 15
2026-01-30 15:14:11,279 - __main__ - INFO -   - 有更新: 0
2026-01-30 15:14:11,280 - __main__ - INFO - 本次监控耗时: 8.91秒
2026-01-30 15:14:11,281 - __main__ - INFO - ============================================================
2026-01-30 15:14:11,281 - __main__ - INFO - 下次运行时间: 2026-01-30 15:19:11
2026-01-30 15:19:11,285 - __main__ - INFO - ============================================================
2026-01-30 15:19:11,286 - __main__ - INFO - 开始第 3 次监控 - 2026-01-30 15:19:11
2026-01-30 15:19:11,287 - __main__ - INFO - 邮件通知已启用，将发送到: gshyun@qq.com
2026-01-30 15:19:11,289 - graphs.graph - INFO - 使用默认网站列表，共 15 个网站
2026-01-30 15:19:11,290 - graphs.graph - INFO - 已配置邮件通知，将发送到: gshyun@qq.com
2026-01-30 15:19:11,290 - graphs.graph - INFO - 处理第 1/15 个网站: 佛山自然资源局-批前
2026-01-30 15:19:11,291 - graphs.nodes.fetch_website_node - INFO - 开始抓取网站: 佛山自然资源局-批前, URL: https://fszrzy.foshan.gov.cn/ywzt/cxgh/pqgs/index.html
/usr/local/lib/python3.12/dist-packages/urllib3/connectionpool.py:1097: InsecureRequestWarning: Unverified HTTPS request is being made to host 'fszrzy.foshan.gov.cn'. Adding certificate verification is strongly advised. See: https://urllib3.readthedocs.io/en/latest/advanced-usage.html#tls-warnings
  warnings.warn(
2026-01-30 15:19:11,582 - graphs.nodes.fetch_website_node - INFO - 成功抓取网站: 佛山自然资源局-批前, 提取到 50 条内容
2026-01-30 15:19:11,585 - graphs.nodes.generate_summary_node - INFO - 开始生成摘要: 佛山自然资源局-批前
2026-01-30 15:19:11,586 - graphs.nodes.generate_summary_node - INFO - 准备处理 5 个内容项
2026-01-30 15:19:11,661 - coze_workload_identity.client - ERROR - Integration credential request failed with status 400: Integration credential request failed with status 400: invalid param
2026-01-30 15:19:11,663 - graphs.nodes.generate_summary_node - ERROR - 生成摘要失败: Client error (400): Integration credential request failed with status 400: invalid param
2026-01-30 15:19:11,663 - graphs.nodes.generate_summary_node - INFO - 摘要生成完成: 佛山自然资源局-批前
2026-01-30 15:19:11,665 - graphs.graph - INFO - 成功生成摘要: 佛山自然资源局-批前
2026-01-30 15:19:11,666 - graphs.nodes.check_changes_node - INFO - 开始检测网站内容变化: 佛山自然资源局-批前
2026-01-30 15:19:11,668 - graphs.nodes.check_changes_node - INFO - 网站 佛山自然资源局-批前 无变化
2026-01-30 15:19:11,671 - graphs.nodes.send_notification_node - INFO - 开始处理通知: 佛山自然资源局-批前
2026-01-30 15:19:11,672 - graphs.graph - INFO - 网站 佛山自然资源局-批前 处理完成
2026-01-30 15:19:11,673 - graphs.graph - INFO - 处理第 2/15 个网站: 佛山自然资源局-批后
2026-01-30 15:19:11,673 - graphs.nodes.fetch_website_node - INFO - 开始抓取网站: 佛山自然资源局-批后, URL: https://fszrzy.foshan.gov.cn/ywzt/cxgh/phgg/
/usr/local/lib/python3.12/dist-packages/urllib3/connectionpool.py:1097: InsecureRequestWarning: Unverified HTTPS request is being made to host 'fszrzy.foshan.gov.cn'. Adding certificate verification is strongly advised. See: https://urllib3.readthedocs.io/en/latest/advanced-usage.html#tls-warnings
  warnings.warn(
2026-01-30 15:19:11,944 - graphs.nodes.fetch_website_node - INFO - 成功抓取网站: 佛山自然资源局-批后, 提取到 50 条内容
2026-01-30 15:19:11,947 - graphs.nodes.generate_summary_node - INFO - 开始生成摘要: 佛山自然资源局-批后
2026-01-30 15:19:11,947 - graphs.nodes.generate_summary_node - INFO - 准备处理 5 个内容项
2026-01-30 15:19:12,024 - coze_workload_identity.client - ERROR - Integration credential request failed with status 400: Integration credential request failed with status 400: invalid param
2026-01-30 15:19:12,026 - graphs.nodes.generate_summary_node - ERROR - 生成摘要失败: Client error (400): Integration credential request failed with status 400: invalid param
2026-01-30 15:19:12,026 - graphs.nodes.generate_summary_node - INFO - 摘要生成完成: 佛山自然资源局-批后
2026-01-30 15:19:12,028 - graphs.graph - INFO - 成功生成摘要: 佛山自然资源局-批后
2026-01-30 15:19:12,029 - graphs.nodes.check_changes_node - INFO - 开始检测网站内容变化: 佛山自然资源局-批后
2026-01-30 15:19:12,030 - graphs.nodes.check_changes_node - INFO - 网站 佛山自然资源局-批后 检测到变化，新增 2 条内容
2026-01-30 15:19:12,032 - graphs.nodes.send_notification_node - INFO - 开始处理通知: 佛山自然资源局-批后
2026-01-30 15:19:12,042 - graphs.nodes.send_notification_node - INFO - 通知已保存到文件: /workspace/projects/assets/website_notifications.json
2026-01-30 15:19:12,043 cozeloop._noop _noop.py:67 [WARNING] [cozeloop] Noop client not supported. Invalid parameter. workspace_id is required.
2026-01-30 15:19:12,043 - cozeloop._noop - WARNING - Noop client not supported. Invalid parameter. workspace_id is required.
2026-01-30 15:19:19,672 - graphs.nodes.send_notification_node - ERROR - 邮件通知发送失败: 发送失败: Connection unexpectedly closed
2026-01-30 15:19:19,674 - graphs.nodes.send_notification_node - INFO - 检测到网站更新！
网站：佛山自然资源局-批后
URL：https://fszrzy.foshan.gov.cn/ywzt/cxgh/phgg/
分类：自然资源局
检测时间：2026-01-30 15:19:12
新增内容数量：2

新增内容：

1. 《〈佛山市顺德区SD-A-04-02 编制单元01、02、 03 街坊（南城水轴）控制性详...
   链接: https://fszrzy.foshan.gov.cn/ywzt/cxgh/phgg/content/post_6956974.html

2. 《〈佛山市顺德区SD-A-04-02 编制单元01、02、 03 街坊（南城水轴）控制性详...
   链接: https://fszrzy.foshan.gov.cn/ywzt/cxgh/phgg/content/post_6956973.html

2026-01-30 15:19:19,674 - graphs.nodes.send_notification_node - INFO - 通知处理完成: 佛山自然资源局-批后
2026-01-30 15:19:19,674 - graphs.graph - INFO - 网站 佛山自然资源局-批后 处理完成
2026-01-30 15:19:19,675 - graphs.graph - INFO - 处理第 3/15 个网站: 佛山自然资源局-通知公告
2026-01-30 15:19:19,675 - graphs.nodes.fetch_website_node - INFO - 开始抓取网站: 佛山自然资源局-通知公告, URL: https://fszrzy.foshan.gov.cn/zwgk/tzgg/index.html
/usr/local/lib/python3.12/dist-packages/urllib3/connectionpool.py:1097: InsecureRequestWarning: Unverified HTTPS request is being made to host 'fszrzy.foshan.gov.cn'. Adding certificate verification is strongly advised. See: https://urllib3.readthedocs.io/en/latest/advanced-usage.html#tls-warnings
  warnings.warn(
2026-01-30 15:19:19,946 - graphs.nodes.fetch_website_node - INFO - 成功抓取网站: 佛山自然资源局-通知公告, 提取到 50 条内容
2026-01-30 15:19:19,949 - graphs.nodes.generate_summary_node - INFO - 开始生成摘要: 佛山自然资源局-通知公告
2026-01-30 15:19:19,950 - graphs.nodes.generate_summary_node - INFO - 准备处理 5 个内容项
2026-01-30 15:19:20,170 - coze_workload_identity.client - ERROR - Integration credential request failed with status 400: Integration credential request failed with status 400: invalid param
2026-01-30 15:19:20,172 - graphs.nodes.generate_summary_node - ERROR - 生成摘要失败: Client error (400): Integration credential request failed with status 400: invalid param
2026-01-30 15:19:20,172 - graphs.nodes.generate_summary_node - INFO - 摘要生成完成: 佛山自然资源局-通知公告
2026-01-30 15:19:20,175 - graphs.graph - INFO - 成功生成摘要: 佛山自然资源局-通知公告
2026-01-30 15:19:20,176 - graphs.nodes.check_changes_node - INFO - 开始检测网站内容变化: 佛山自然资源局-通知公告
2026-01-30 15:19:20,177 - graphs.nodes.check_changes_node - INFO - 网站 佛山自然资源局-通知公告 无变化
2026-01-30 15:19:20,181 - graphs.nodes.send_notification_node - INFO - 开始处理通知: 佛山自然资源局-通知公告
2026-01-30 15:19:20,181 - graphs.graph - INFO - 网站 佛山自然资源局-通知公告 处理完成
2026-01-30 15:19:20,182 - graphs.graph - INFO - 处理第 4/15 个网站: 禅城区自然资源局
2026-01-30 15:19:20,183 - graphs.nodes.fetch_website_node - INFO - 开始抓取网站: 禅城区自然资源局, URL: https://www.chancheng.gov.cn/fscczrzyj/gkmlpt/index
/usr/local/lib/python3.12/dist-packages/urllib3/connectionpool.py:1097: InsecureRequestWarning: Unverified HTTPS request is being made to host 'www.chancheng.gov.cn'. Adding certificate verification is strongly advised. See: https://urllib3.readthedocs.io/en/latest/advanced-usage.html#tls-warnings
  warnings.warn(
2026-01-30 15:19:20,489 - graphs.nodes.fetch_website_node - INFO - 成功抓取网站: 禅城区自然资源局, 提取到 4 条内容
2026-01-30 15:19:20,492 - graphs.nodes.generate_summary_node - INFO - 开始生成摘要: 禅城区自然资源局
2026-01-30 15:19:20,493 - graphs.nodes.generate_summary_node - INFO - 准备处理 4 个内容项
2026-01-30 15:19:20,644 - coze_workload_identity.client - ERROR - Integration credential request failed with status 400: Integration credential request failed with status 400: invalid param
2026-01-30 15:19:20,646 - graphs.nodes.generate_summary_node - ERROR - 生成摘要失败: Client error (400): Integration credential request failed with status 400: invalid param
2026-01-30 15:19:20,647 - graphs.nodes.generate_summary_node - INFO - 摘要生成完成: 禅城区自然资源局
2026-01-30 15:19:20,650 - graphs.graph - INFO - 成功生成摘要: 禅城区自然资源局
2026-01-30 15:19:20,652 - graphs.nodes.check_changes_node - INFO - 开始检测网站内容变化: 禅城区自然资源局
2026-01-30 15:19:20,653 - graphs.nodes.check_changes_node - INFO - 网站 禅城区自然资源局 无变化
2026-01-30 15:19:20,656 - graphs.nodes.send_notification_node - INFO - 开始处理通知: 禅城区自然资源局
2026-01-30 15:19:20,657 - graphs.graph - INFO - 网站 禅城区自然资源局 处理完成
2026-01-30 15:19:20,658 - graphs.graph - INFO - 处理第 5/15 个网站: 南海区自然资源局
2026-01-30 15:19:20,658 - graphs.nodes.fetch_website_node - INFO - 开始抓取网站: 南海区自然资源局, URL: https://www.nanhai.gov.cn/fsnhzrzyj/gkmlpt/mindex/
/usr/local/lib/python3.12/dist-packages/urllib3/connectionpool.py:1097: InsecureRequestWarning: Unverified HTTPS request is being made to host 'www.nanhai.gov.cn'. Adding certificate verification is strongly advised. See: https://urllib3.readthedocs.io/en/latest/advanced-usage.html#tls-warnings
  warnings.warn(
2026-01-30 15:19:20,950 - graphs.nodes.fetch_website_node - INFO - 成功抓取网站: 南海区自然资源局, 提取到 4 条内容
2026-01-30 15:19:20,953 - graphs.nodes.generate_summary_node - INFO - 开始生成摘要: 南海区自然资源局
2026-01-30 15:19:20,954 - graphs.nodes.generate_summary_node - INFO - 准备处理 4 个内容项
2026-01-30 15:19:21,117 - coze_workload_identity.client - ERROR - Integration credential request failed with status 400: Integration credential request failed with status 400: invalid param
2026-01-30 15:19:21,119 - graphs.nodes.generate_summary_node - ERROR - 生成摘要失败: Client error (400): Integration credential request failed with status 400: invalid param
2026-01-30 15:19:21,120 - graphs.nodes.generate_summary_node - INFO - 摘要生成完成: 南海区自然资源局
2026-01-30 15:19:21,122 - graphs.graph - INFO - 成功生成摘要: 南海区自然资源局
2026-01-30 15:19:21,123 - graphs.nodes.check_changes_node - INFO - 开始检测网站内容变化: 南海区自然资源局
2026-01-30 15:19:21,124 - graphs.nodes.check_changes_node - INFO - 网站 南海区自然资源局 无变化
2026-01-30 15:19:21,127 - graphs.nodes.send_notification_node - INFO - 开始处理通知: 南海区自然资源局
2026-01-30 15:19:21,128 - graphs.graph - INFO - 网站 南海区自然资源局 处理完成
2026-01-30 15:19:21,128 - graphs.graph - INFO - 处理第 6/15 个网站: 顺德区自然资源局
2026-01-30 15:19:21,129 - graphs.nodes.fetch_website_node - INFO - 开始抓取网站: 顺德区自然资源局, URL: https://www.shunde.gov.cn/sdszrzyjsdfj/tzgg/tzggjdt/index.html
/usr/local/lib/python3.12/dist-packages/urllib3/connectionpool.py:1097: InsecureRequestWarning: Unverified HTTPS request is being made to host 'www.shunde.gov.cn'. Adding certificate verification is strongly advised. See: https://urllib3.readthedocs.io/en/latest/advanced-usage.html#tls-warnings
  warnings.warn(
2026-01-30 15:19:21,533 - graphs.nodes.fetch_website_node - INFO - 成功抓取网站: 顺德区自然资源局, 提取到 41 条内容
2026-01-30 15:19:21,542 - graphs.nodes.generate_summary_node - INFO - 开始生成摘要: 顺德区自然资源局
2026-01-30 15:19:21,545 - graphs.nodes.generate_summary_node - INFO - 准备处理 5 个内容项
2026-01-30 15:19:21,740 - coze_workload_identity.client - ERROR - Integration credential request failed with status 400: Integration credential request failed with status 400: invalid param
2026-01-30 15:19:21,742 - graphs.nodes.generate_summary_node - ERROR - 生成摘要失败: Client error (400): Integration credential request failed with status 400: invalid param
2026-01-30 15:19:21,742 - graphs.nodes.generate_summary_node - INFO - 摘要生成完成: 顺德区自然资源局
2026-01-30 15:19:21,744 - graphs.graph - INFO - 成功生成摘要: 顺德区自然资源局
2026-01-30 15:19:21,745 - graphs.nodes.check_changes_node - INFO - 开始检测网站内容变化: 顺德区自然资源局
2026-01-30 15:19:21,747 - graphs.nodes.check_changes_node - INFO - 网站 顺德区自然资源局 无变化
2026-01-30 15:19:21,749 - graphs.nodes.send_notification_node - INFO - 开始处理通知: 顺德区自然资源局
2026-01-30 15:19:21,750 - graphs.graph - INFO - 网站 顺德区自然资源局 处理完成
2026-01-30 15:19:21,751 - graphs.graph - INFO - 处理第 7/15 个网站: 佛山公共资源交易网站
2026-01-30 15:19:21,751 - graphs.nodes.fetch_website_node - INFO - 开始抓取网站: 佛山公共资源交易网站, URL: http://jy.ggzy.foshan.gov.cn:3680/TPBank/newweb/framehtml/onlineTradex/index.html
2026-01-30 15:19:21,987 - graphs.nodes.fetch_website_node - INFO - 成功抓取网站: 佛山公共资源交易网站, 提取到 15 条内容
2026-01-30 15:19:21,989 - graphs.nodes.generate_summary_node - INFO - 开始生成摘要: 佛山公共资源交易网站
2026-01-30 15:19:21,989 - graphs.nodes.generate_summary_node - INFO - 准备处理 5 个内容项
2026-01-30 15:19:22,573 - coze_workload_identity.client - ERROR - Integration credential request failed with status 400: Integration credential request failed with status 400: invalid param
2026-01-30 15:19:22,574 - graphs.nodes.generate_summary_node - ERROR - 生成摘要失败: Client error (400): Integration credential request failed with status 400: invalid param
2026-01-30 15:19:22,575 - graphs.nodes.generate_summary_node - INFO - 摘要生成完成: 佛山公共资源交易网站
2026-01-30 15:19:22,577 - graphs.graph - INFO - 成功生成摘要: 佛山公共资源交易网站
2026-01-30 15:19:22,578 - graphs.nodes.check_changes_node - INFO - 开始检测网站内容变化: 佛山公共资源交易网站
2026-01-30 15:19:22,579 - graphs.nodes.check_changes_node - INFO - 网站 佛山公共资源交易网站 无变化
2026-01-30 15:19:22,583 - graphs.nodes.send_notification_node - INFO - 开始处理通知: 佛山公共资源交易网站
2026-01-30 15:19:22,584 - graphs.graph - INFO - 网站 佛山公共资源交易网站 处理完成
2026-01-30 15:19:22,584 - graphs.graph - INFO - 处理第 8/15 个网站: 佛山市政府-意见征集
2026-01-30 15:19:22,585 - graphs.nodes.fetch_website_node - INFO - 开始抓取网站: 佛山市政府-意见征集, URL: https://www.foshan.gov.cn/hdjl/yjzj/index.html
/usr/local/lib/python3.12/dist-packages/urllib3/connectionpool.py:1097: InsecureRequestWarning: Unverified HTTPS request is being made to host 'www.foshan.gov.cn'. Adding certificate verification is strongly advised. See: https://urllib3.readthedocs.io/en/latest/advanced-usage.html#tls-warnings
  warnings.warn(
2026-01-30 15:19:22,880 - graphs.nodes.fetch_website_node - INFO - 成功抓取网站: 佛山市政府-意见征集, 提取到 12 条内容
2026-01-30 15:19:22,882 - graphs.nodes.generate_summary_node - INFO - 开始生成摘要: 佛山市政府-意见征集
2026-01-30 15:19:22,883 - graphs.nodes.generate_summary_node - INFO - 准备处理 5 个内容项
2026-01-30 15:19:23,003 - coze_workload_identity.client - ERROR - Integration credential request failed with status 400: Integration credential request failed with status 400: invalid param
2026-01-30 15:19:23,004 - graphs.nodes.generate_summary_node - ERROR - 生成摘要失败: Client error (400): Integration credential request failed with status 400: invalid param
2026-01-30 15:19:23,005 - graphs.nodes.generate_summary_node - INFO - 摘要生成完成: 佛山市政府-意见征集
2026-01-30 15:19:23,010 - graphs.graph - INFO - 成功生成摘要: 佛山市政府-意见征集
2026-01-30 15:19:23,013 - graphs.nodes.check_changes_node - INFO - 开始检测网站内容变化: 佛山市政府-意见征集
2026-01-30 15:19:23,016 - graphs.nodes.check_changes_node - INFO - 网站 佛山市政府-意见征集 无变化
2026-01-30 15:19:23,021 - graphs.nodes.send_notification_node - INFO - 开始处理通知: 佛山市政府-意见征集
2026-01-30 15:19:23,022 - graphs.graph - INFO - 网站 佛山市政府-意见征集 处理完成
2026-01-30 15:19:23,023 - graphs.graph - INFO - 处理第 9/15 个网站: 顺德区人民政府网
2026-01-30 15:19:23,025 - graphs.nodes.fetch_website_node - INFO - 开始抓取网站: 顺德区人民政府网, URL: https://www.shunde.gov.cn/sdqrmzf/zwgk/gzdt/tzgg/
/usr/local/lib/python3.12/dist-packages/urllib3/connectionpool.py:1097: InsecureRequestWarning: Unverified HTTPS request is being made to host 'www.shunde.gov.cn'. Adding certificate verification is strongly advised. See: https://urllib3.readthedocs.io/en/latest/advanced-usage.html#tls-warnings
  warnings.warn(
2026-01-30 15:19:23,458 - graphs.nodes.fetch_website_node - INFO - 成功抓取网站: 顺德区人民政府网, 提取到 50 条内容
2026-01-30 15:19:23,469 - graphs.nodes.generate_summary_node - INFO - 开始生成摘要: 顺德区人民政府网
2026-01-30 15:19:23,473 - graphs.nodes.generate_summary_node - INFO - 准备处理 5 个内容项
2026-01-30 15:19:23,601 - coze_workload_identity.client - ERROR - Integration credential request failed with status 400: Integration credential request failed with status 400: invalid param
2026-01-30 15:19:23,602 - graphs.nodes.generate_summary_node - ERROR - 生成摘要失败: Client error (400): Integration credential request failed with status 400: invalid param
2026-01-30 15:19:23,603 - graphs.nodes.generate_summary_node - INFO - 摘要生成完成: 顺德区人民政府网
2026-01-30 15:19:23,605 - graphs.graph - INFO - 成功生成摘要: 顺德区人民政府网
2026-01-30 15:19:23,606 - graphs.nodes.check_changes_node - INFO - 开始检测网站内容变化: 顺德区人民政府网
2026-01-30 15:19:23,607 - graphs.nodes.check_changes_node - INFO - 网站 顺德区人民政府网 无变化
2026-01-30 15:19:23,610 - graphs.nodes.send_notification_node - INFO - 开始处理通知: 顺德区人民政府网
2026-01-30 15:19:23,611 - graphs.graph - INFO - 网站 顺德区人民政府网 处理完成
2026-01-30 15:19:23,611 - graphs.graph - INFO - 处理第 10/15 个网站: 佛山住建局
2026-01-30 15:19:23,612 - graphs.nodes.fetch_website_node - INFO - 开始抓取网站: 佛山住建局, URL: https://fszj.foshan.gov.cn/zwgk/txgg/index.html
/usr/local/lib/python3.12/dist-packages/urllib3/connectionpool.py:1097: InsecureRequestWarning: Unverified HTTPS request is being made to host 'fszj.foshan.gov.cn'. Adding certificate verification is strongly advised. See: https://urllib3.readthedocs.io/en/latest/advanced-usage.html#tls-warnings
  warnings.warn(
2026-01-30 15:19:23,886 - graphs.nodes.fetch_website_node - INFO - 成功抓取网站: 佛山住建局, 提取到 35 条内容
2026-01-30 15:19:23,888 - graphs.nodes.generate_summary_node - INFO - 开始生成摘要: 佛山住建局
2026-01-30 15:19:23,889 - graphs.nodes.generate_summary_node - INFO - 准备处理 5 个内容项
2026-01-30 15:19:24,061 - coze_workload_identity.client - ERROR - Integration credential request failed with status 400: Integration credential request failed with status 400: invalid param
2026-01-30 15:19:24,062 - graphs.nodes.generate_summary_node - ERROR - 生成摘要失败: Client error (400): Integration credential request failed with status 400: invalid param
2026-01-30 15:19:24,063 - graphs.nodes.generate_summary_node - INFO - 摘要生成完成: 佛山住建局
2026-01-30 15:19:24,065 - graphs.graph - INFO - 成功生成摘要: 佛山住建局
2026-01-30 15:19:24,066 - graphs.nodes.check_changes_node - INFO - 开始检测网站内容变化: 佛山住建局
2026-01-30 15:19:24,068 - graphs.nodes.check_changes_node - INFO - 网站 佛山住建局 无变化
2026-01-30 15:19:24,071 - graphs.nodes.send_notification_node - INFO - 开始处理通知: 佛山住建局
2026-01-30 15:19:24,072 - graphs.graph - INFO - 网站 佛山住建局 处理完成
2026-01-30 15:19:24,072 - graphs.graph - INFO - 处理第 11/15 个网站: 顺德区住建局
2026-01-30 15:19:24,073 - graphs.nodes.fetch_website_node - INFO - 开始抓取网站: 顺德区住建局, URL: https://www.shunde.gov.cn/sdqzfjssl/tzggjdt/index.html
/usr/local/lib/python3.12/dist-packages/urllib3/connectionpool.py:1097: InsecureRequestWarning: Unverified HTTPS request is being made to host 'www.shunde.gov.cn'. Adding certificate verification is strongly advised. See: https://urllib3.readthedocs.io/en/latest/advanced-usage.html#tls-warnings
  warnings.warn(
2026-01-30 15:19:24,440 - graphs.nodes.fetch_website_node - INFO - 成功抓取网站: 顺德区住建局, 提取到 31 条内容
2026-01-30 15:19:24,444 - graphs.nodes.generate_summary_node - INFO - 开始生成摘要: 顺德区住建局
2026-01-30 15:19:24,445 - graphs.nodes.generate_summary_node - INFO - 准备处理 5 个内容项
2026-01-30 15:19:24,691 - coze_workload_identity.client - ERROR - Integration credential request failed with status 400: Integration credential request failed with status 400: invalid param
2026-01-30 15:19:24,693 - graphs.nodes.generate_summary_node - ERROR - 生成摘要失败: Client error (400): Integration credential request failed with status 400: invalid param
2026-01-30 15:19:24,693 - graphs.nodes.generate_summary_node - INFO - 摘要生成完成: 顺德区住建局
2026-01-30 15:19:24,696 - graphs.graph - INFO - 成功生成摘要: 顺德区住建局
2026-01-30 15:19:24,697 - graphs.nodes.check_changes_node - INFO - 开始检测网站内容变化: 顺德区住建局
2026-01-30 15:19:24,698 - graphs.nodes.check_changes_node - INFO - 网站 顺德区住建局 无变化
2026-01-30 15:19:24,702 - graphs.nodes.send_notification_node - INFO - 开始处理通知: 顺德区住建局
2026-01-30 15:19:24,702 - graphs.graph - INFO - 网站 顺德区住建局 处理完成
2026-01-30 15:19:24,703 - graphs.graph - INFO - 处理第 12/15 个网站: 南海区住建局
2026-01-30 15:19:24,703 - graphs.nodes.fetch_website_node - INFO - 开始抓取网站: 南海区住建局, URL: https://www.nanhai.gov.cn/fsnhq/bmdh/zfbm/qzjhslj/xxgkml/tzgg/index.html
/usr/local/lib/python3.12/dist-packages/urllib3/connectionpool.py:1097: InsecureRequestWarning: Unverified HTTPS request is being made to host 'www.nanhai.gov.cn'. Adding certificate verification is strongly advised. See: https://urllib3.readthedocs.io/en/latest/advanced-usage.html#tls-warnings
  warnings.warn(
2026-01-30 15:19:24,974 - graphs.nodes.fetch_website_node - INFO - 成功抓取网站: 南海区住建局, 提取到 50 条内容
2026-01-30 15:19:24,976 - graphs.nodes.generate_summary_node - INFO - 开始生成摘要: 南海区住建局
2026-01-30 15:19:24,977 - graphs.nodes.generate_summary_node - INFO - 准备处理 5 个内容项
2026-01-30 15:19:25,110 - coze_workload_identity.client - ERROR - Integration credential request failed with status 400: Integration credential request failed with status 400: invalid param
2026-01-30 15:19:25,111 - graphs.nodes.generate_summary_node - ERROR - 生成摘要失败: Client error (400): Integration credential request failed with status 400: invalid param
2026-01-30 15:19:25,112 - graphs.nodes.generate_summary_node - INFO - 摘要生成完成: 南海区住建局
2026-01-30 15:19:25,113 - graphs.graph - INFO - 成功生成摘要: 南海区住建局
2026-01-30 15:19:25,114 - graphs.nodes.check_changes_node - INFO - 开始检测网站内容变化: 南海区住建局
2026-01-30 15:19:25,115 - graphs.nodes.check_changes_node - INFO - 网站 南海区住建局 无变化
2026-01-30 15:19:25,118 - graphs.nodes.send_notification_node - INFO - 开始处理通知: 南海区住建局
2026-01-30 15:19:25,118 - graphs.graph - INFO - 网站 南海区住建局 处理完成
2026-01-30 15:19:25,119 - graphs.graph - INFO - 处理第 13/15 个网站: 三水区住建局
2026-01-30 15:19:25,119 - graphs.nodes.fetch_website_node - INFO - 开始抓取网站: 三水区住建局, URL: https://www.ss.gov.cn/fssscxslj/gkmlpt/index
/usr/local/lib/python3.12/dist-packages/urllib3/connectionpool.py:1097: InsecureRequestWarning: Unverified HTTPS request is being made to host 'www.ss.gov.cn'. Adding certificate verification is strongly advised. See: https://urllib3.readthedocs.io/en/latest/advanced-usage.html#tls-warnings
  warnings.warn(
2026-01-30 15:19:25,412 - graphs.nodes.fetch_website_node - INFO - 成功抓取网站: 三水区住建局, 提取到 4 条内容
2026-01-30 15:19:25,415 - graphs.nodes.generate_summary_node - INFO - 开始生成摘要: 三水区住建局
2026-01-30 15:19:25,417 - graphs.nodes.generate_summary_node - INFO - 准备处理 4 个内容项
2026-01-30 15:19:25,617 - coze_workload_identity.client - ERROR - Integration credential request failed with status 400: Integration credential request failed with status 400: invalid param
2026-01-30 15:19:25,618 - graphs.nodes.generate_summary_node - ERROR - 生成摘要失败: Client error (400): Integration credential request failed with status 400: invalid param
2026-01-30 15:19:25,619 - graphs.nodes.generate_summary_node - INFO - 摘要生成完成: 三水区住建局
2026-01-30 15:19:25,623 - graphs.graph - INFO - 成功生成摘要: 三水区住建局
2026-01-30 15:19:25,626 - graphs.nodes.check_changes_node - INFO - 开始检测网站内容变化: 三水区住建局
2026-01-30 15:19:25,630 - graphs.nodes.check_changes_node - INFO - 网站 三水区住建局 无变化
2026-01-30 15:19:25,637 - graphs.nodes.send_notification_node - INFO - 开始处理通知: 三水区住建局
2026-01-30 15:19:25,639 - graphs.graph - INFO - 网站 三水区住建局 处理完成
2026-01-30 15:19:25,640 - graphs.graph - INFO - 处理第 14/15 个网站: 高明区住建局
2026-01-30 15:19:25,641 - graphs.nodes.fetch_website_node - INFO - 开始抓取网站: 高明区住建局, URL: https://www.gaoming.gov.cn/gzjg/zfgzbm/qgtcjswj/gzdt_1106223/index.html
/usr/local/lib/python3.12/dist-packages/urllib3/connectionpool.py:1097: InsecureRequestWarning: Unverified HTTPS request is being made to host 'www.gaoming.gov.cn'. Adding certificate verification is strongly advised. See: https://urllib3.readthedocs.io/en/latest/advanced-usage.html#tls-warnings
  warnings.warn(
2026-01-30 15:19:25,930 - graphs.nodes.fetch_website_node - INFO - 成功抓取网站: 高明区住建局, 提取到 37 条内容
2026-01-30 15:19:25,932 - graphs.nodes.generate_summary_node - INFO - 开始生成摘要: 高明区住建局
2026-01-30 15:19:25,933 - graphs.nodes.generate_summary_node - INFO - 准备处理 5 个内容项
2026-01-30 15:19:26,048 - coze_workload_identity.client - ERROR - Integration credential request failed with status 400: Integration credential request failed with status 400: invalid param
2026-01-30 15:19:26,048 - graphs.nodes.generate_summary_node - ERROR - 生成摘要失败: Client error (400): Integration credential request failed with status 400: invalid param
2026-01-30 15:19:26,049 - graphs.nodes.generate_summary_node - INFO - 摘要生成完成: 高明区住建局
2026-01-30 15:19:26,050 - graphs.graph - INFO - 成功生成摘要: 高明区住建局
2026-01-30 15:19:26,051 - graphs.nodes.check_changes_node - INFO - 开始检测网站内容变化: 高明区住建局
2026-01-30 15:19:26,052 - graphs.nodes.check_changes_node - INFO - 网站 高明区住建局 无变化
2026-01-30 15:19:26,057 - graphs.nodes.send_notification_node - INFO - 开始处理通知: 高明区住建局
2026-01-30 15:19:26,058 - graphs.graph - INFO - 网站 高明区住建局 处理完成
2026-01-30 15:19:26,059 - graphs.graph - INFO - 处理第 15/15 个网站: 佛山市公积金中心
2026-01-30 15:19:26,060 - graphs.nodes.fetch_website_node - INFO - 开始抓取网站: 佛山市公积金中心, URL: https://fsgjj.foshan.gov.cn/xxgk/tztg/index.html
/usr/local/lib/python3.12/dist-packages/urllib3/connectionpool.py:1097: InsecureRequestWarning: Unverified HTTPS request is being made to host 'fsgjj.foshan.gov.cn'. Adding certificate verification is strongly advised. See: https://urllib3.readthedocs.io/en/latest/advanced-usage.html#tls-warnings
  warnings.warn(
2026-01-30 15:19:26,364 - graphs.nodes.fetch_website_node - INFO - 成功抓取网站: 佛山市公积金中心, 提取到 50 条内容
2026-01-30 15:19:26,368 - graphs.nodes.generate_summary_node - INFO - 开始生成摘要: 佛山市公积金中心
2026-01-30 15:19:26,369 - graphs.nodes.generate_summary_node - INFO - 准备处理 5 个内容项
2026-01-30 15:19:26,567 - coze_workload_identity.client - ERROR - Integration credential request failed with status 400: Integration credential request failed with status 400: invalid param
2026-01-30 15:19:26,568 - graphs.nodes.generate_summary_node - ERROR - 生成摘要失败: Client error (400): Integration credential request failed with status 400: invalid param
2026-01-30 15:19:26,569 - graphs.nodes.generate_summary_node - INFO - 摘要生成完成: 佛山市公积金中心
2026-01-30 15:19:26,571 - graphs.graph - INFO - 成功生成摘要: 佛山市公积金中心
2026-01-30 15:19:26,572 - graphs.nodes.check_changes_node - INFO - 开始检测网站内容变化: 佛山市公积金中心
2026-01-30 15:19:26,573 - graphs.nodes.check_changes_node - INFO - 网站 佛山市公积金中心 无变化
2026-01-30 15:19:26,576 - graphs.nodes.send_notification_node - INFO - 开始处理通知: 佛山市公积金中心
2026-01-30 15:19:26,577 - graphs.graph - INFO - 网站 佛山市公积金中心 处理完成
2026-01-30 15:19:26,577 - graphs.graph - INFO - 所有网站处理完成，共 1 个网站有更新
2026-01-30 15:19:26,578 - __main__ - INFO - 监控完成:
2026-01-30 15:19:26,579 - __main__ - INFO -   - 总网站数: 15
2026-01-30 15:19:26,580 - __main__ - INFO -   - 已处理: 15
2026-01-30 15:19:26,580 - __main__ - INFO -   - 有更新: 1
2026-01-30 15:19:26,580 - __main__ - INFO -   - 通知详情:
2026-01-30 15:19:26,581 - __main__ - INFO -     1. 佛山自然资源局-批后
2026-01-30 15:19:26,581 - __main__ - INFO - 本次监控耗时: 15.30秒
2026-01-30 15:19:26,582 - __main__ - INFO - ============================================================
2026-01-30 15:19:26,582 - __main__ - INFO - 下次运行时间: 2026-01-30 15:24:26
